Godot Engine v3.2.3.stable.official - https://godotengine.org
OpenGL ES 3.0 Renderer: GeForce GTX 1050 Ti/PCIe/SSE2
 
tiling1:0.1
**ERROR**: Request for nonexistent InputMap action 'centerCamera'.
   At: core/input_map.cpp:195:event_get_action_status() - Condition "!E" is true. Returned: false
height: 0.862745
height: 3.098039
height: 5.647059
height: 5.294118
height: 7.490196
height: 10
height: 0.901961
height: 3.137255
height: 5.647059
height: 5.254902
height: 7.411765
height: 10
height: 0.823529
height: 3.098039
height: 5.607843
height: 5.294118
height: 7.411765
height: 10
height: 0.823529
height: 3.098039
height: 5.568628
height: 5.294118
height: 7.411765
height: 9.960784
height: 0.823529
height: 3.058824
height: 5.568628
height: 5.137255
height: 7.411765
height: 9.921569
height: 0.784314
height: 3.019608
height: 5.568628
height: 5.137255
height: 7.411765
height: 9.960784
height: 0.745098
height: 3.058824
height: 5.490196
height: 5.09804
height: 7.372549
height: 9.921569
height: 0.784314
height: 3.058824
height: 5.490196
height: 5.137255
height: 7.372549
height: 9.882353
**ERROR**: Request for nonexistent InputMap action 'centerCamera'.
   At: core/input_map.cpp:195:event_get_action_status() - Condition "!E" is true. Returned: false
height: 0.745098
height: 2.941177
height: 5.490196
height: 5.09804
height: 7.294118
height: 9.843137
height: 0.745098
height: 2.941177
height: 5.490196
height: 5.09804
height: 7.294118
height: 9.882353
height: 0.705882
height: 2.901961
height: 5.450981
height: 5.09804
height: 7.294118
height: 9.764706
height: 0.666667
height: 2.901961
height: 5.411765
height: 5.058824
height: 7.254902
height: 9.843137
height: 0.627451
height: 2.901961
height: 5.411765
height: 5.058824
height: 7.254902
height: 9.843137
height: 0.627451
height: 7.882353
height: 5.411765
height: 5.058824
height: 7.215686
height: 9.764706
height: 0.588235
height: 7.882353
height: 5.411765
height: 4.980392
height: 7.254902
height: 9.764706
height: 0.627451
height: 7.882353
height: 5.450981
height: 4.941176
height: 7.254902
height: 9.72549
height: 0.588235
height: 7.882353
height: 5.372549
height: 4.901961
height: 7.176471
height: 9.764706
height: 0.509804
height: 7.764706
height: 5.372549
height: 4.901961
height: 7.098039
height: 9.686275
height: 0.54902
height: 7.843137
height: 10
height: 4.901961
height: 7.098039
height: 9.686275
height: 0.509804
height: 7.764706
height: 10
height: 4.823529
height: 7.098039
height: 9.607843
height: 5.529412
height: 7.764706
height: 10
height: 4.823529
height: 7.098039
height: 9.607843
height: 5.450981
height: 7.72549
height: 10
height: 4.823529
height: 7.098039
height: 9.607843
height: 5.490196
height: 7.686275
height: 10
height: 4.784314
height: 7.058824
height: 9.607843
height: 5.450981
height: 7.72549
height: 10
height: 4.784314
height: 7.137255
height: 9.607843
**ERROR**: Request for nonexistent InputMap action 'centerCamera'.
   At: core/input_map.cpp:195:event_get_action_status() - Condition "!E" is true. Returned: false
height: 5.411765
height: 7.647059
height: 10
height: 4.745098
height: 7.058824
height: 9.607843
**ERROR**: Request for nonexistent InputMap action 'centerCamera'.
   At: core/input_map.cpp:195:event_get_action_status() - Condition "!E" is true. Returned: false
height: 5.411765
height: 7.607843
height: 10
height: 4.745098
height: 7.019608
height: 9.568627
**ERROR**: Request for nonexistent InputMap action 'centerCamera'.
   At: core/input_map.cpp:195:event_get_action_status() - Condition "!E" is true. Returned: false
height: 5.411765
height: 7.647059
height: 10
height: 4.705882
height: 6.941177
height: 9.490196
height: 5.372549
height: 7.607843
height: 10
height: 4.784314
height: 6.941177
height: 9.529412
**ERROR**: Request for nonexistent InputMap action 'centerCamera'.
   At: core/input_map.cpp:195:event_get_action_status() - Condition "!E" is true. Returned: false
height: 5.294118
height: 7.568628
height: 10
height: 4.666667
height: 6.941177
height: 9.490196
**ERROR**: Request for nonexistent InputMap action 'centerCamera'.
   At: core/input_map.cpp:195:event_get_action_status() - Condition "!E" is true. Returned: false
height: 5.294118
height: 7.529412
height: 10
height: 4.705882
height: 6.901961
height: 9.411765
**ERROR**: Request for nonexistent InputMap action 'centerCamera'.
   At: core/input_map.cpp:195:event_get_action_status() - Condition "!E" is true. Returned: false
height: 5.372549
height: 7.490196
height: 10
height: 4.627451
height: 6.901961
height: 9.411765
**ERROR**: Request for nonexistent InputMap action 'centerCamera'.
   At: core/input_map.cpp:195:event_get_action_status() - Condition "!E" is true. Returned: false
height: 5.294118
height: 7.568628
height: 10
height: 4.627451
height: 6.862745
height: 9.372549
**ERROR**: Request for nonexistent InputMap action 'centerCamera'.
   At: core/input_map.cpp:195:event_get_action_status() - Condition "!E" is true. Returned: false
height: 5.294118
height: 7.529412
height: 10
height: 4.705882
height: 6.901961
height: 9.411765
**ERROR**: Request for nonexistent InputMap action 'centerCamera'.
   At: core/input_map.cpp:195:event_get_action_status() - Condition "!E" is true. Returned: false
height: 5.254902
height: 7.529412
height: 10
height: 4.588235
height: 6.862745
height: 9.372549
**ERROR**: Request for nonexistent InputMap action 'centerCamera'.
   At: core/input_map.cpp:195:event_get_action_status() - Condition "!E" is true. Returned: false
height: 5.254902
height: 7.490196
height: 9.960784
height: 4.54902
height: 6.862745
height: 9.372549
height: 5.254902
height: 7.411765
height: 10
height: 4.588235
height: 6.784314
height: 9.294118
**ERROR**: Request for nonexistent InputMap action 'centerCamera'.
   At: core/input_map.cpp:195:event_get_action_status() - Condition "!E" is true. Returned: false
height: 5.215687
height: 7.372549
height: 9.960784
height: 4.627451
height: 6.82353
height: 9.333333
**ERROR**: Request for nonexistent InputMap action 'centerCamera'.
   At: core/input_map.cpp:195:event_get_action_status() - Condition "!E" is true. Returned: false
height: 5.215687
height: 7.411765
height: 9.960784
height: 4.627451
height: 6.745098
height: 9.254902
**ERROR**: Request for nonexistent InputMap action 'centerCamera'.
   At: core/input_map.cpp:195:event_get_action_status() - Condition "!E" is true. Returned: false
height: 5.137255
height: 7.372549
height: 9.921569
height: 4.470588
height: 6.745098
height: 9.294118
**ERROR**: Request for nonexistent InputMap action 'centerCamera'.
   At: core/input_map.cpp:195:event_get_action_status() - Condition "!E" is true. Returned: false
height: 5.137255
height: 7.372549
height: 9.921569
height: 4.470588
height: 6.705883
height: 9.254902
**ERROR**: Request for nonexistent InputMap action 'centerCamera'.
   At: core/input_map.cpp:195:event_get_action_status() - Condition "!E" is true. Returned: false
height: 5.09804
height: 7.372549
height: 9.882353
height: 4.431373
height: 6.705883
height: 9.215686
**ERROR**: Request for nonexistent InputMap action 'centerCamera'.
   At: core/input_map.cpp:195:event_get_action_status() - Condition "!E" is true. Returned: false
height: 5.09804
height: 7.294118
height: 9.960784
height: 4.431373
height: 6.588235
height: 9.215686
**ERROR**: Request for nonexistent InputMap action 'centerCamera'.
   At: core/input_map.cpp:195:event_get_action_status() - Condition "!E" is true. Returned: false
height: 5.09804
height: 7.294118
height: 9.843137
height: 4.431373
height: 6.627451
height: 9.215686
**ERROR**: Request for nonexistent InputMap action 'centerCamera'.
   At: core/input_map.cpp:195:event_get_action_status() - Condition "!E" is true. Returned: false
height: 5.019608
height: 7.294118
height: 9.764706
height: 4.392157
height: 6.627451
height: 9.176471
**ERROR**: Request for nonexistent InputMap action 'centerCamera'.
   At: core/input_map.cpp:195:event_get_action_status() - Condition "!E" is true. Returned: false
height: 5.019608
height: 7.254902
height: 9.843137
height: 4.392157
height: 6.588235
height: 9.176471
**ERROR**: Request for nonexistent InputMap action 'centerCamera'.
   At: core/input_map.cpp:195:event_get_action_status() - Condition "!E" is true. Returned: false
height: 5.019608
height: 7.294118
height: 9.843137
height: 4.392157
height: 6.54902
height: 9.098039
**ERROR**: Request for nonexistent InputMap action 'centerCamera'.
   At: core/input_map.cpp:195:event_get_action_status() - Condition "!E" is true. Returned: false
**ERROR**: Request for nonexistent InputMap action 'centerCamera'.
   At: core/input_map.cpp:195:event_get_action_status() - Condition "!E" is true. Returned: false
height: 5.058824
height: 7.254902
height: 9.764706
height: 4.392157
height: 6.588235
height: 9.176471
**ERROR**: Request for nonexistent InputMap action 'centerCamera'.
   At: core/input_map.cpp:195:event_get_action_status() - Condition "!E" is true. Returned: false
height: 5.058824
height: 7.215686
height: 9.764706
height: 4.313726
height: 6.588235
height: 9.176471
**ERROR**: Request for nonexistent InputMap action 'centerCamera'.
   At: core/input_map.cpp:195:event_get_action_status() - Condition "!E" is true. Returned: false
height: 4.941176
height: 7.215686
height: 9.764706
height: 4.313726
height: 6.627451
height: 9.058824
**ERROR**: Request for nonexistent InputMap action 'centerCamera'.
   At: core/input_map.cpp:195:event_get_action_status() - Condition "!E" is true. Returned: false
height: 4.941176
height: 7.176471
height: 9.686275
height: 4.27451
height: 6.509804
height: 8.980392
height: 4.901961
height: 7.098039
height: 9.686275
height: 4.156863
height: 6.509804
height: 9.019608
height: 4.901961
height: 7.098039
height: 9.686275
height: 4.196078
height: 6.509804
height: 9.019608
height: 4.901961
height: 7.058824
height: 9.607843
height: 4.235294
height: 6.431373
height: 9.019608
height: 4.901961
height: 7.098039
height: 9.686275
height: 4.156863
height: 6.392157
height: 8.941177
height: 4.901961
height: 7.058824
height: 9.607843
height: 4.156863
height: 6.392157
height: 9.019608
height: 4.823529
height: 7.058824
height: 9.607843
height: 4.156863
height: 6.392157
height: 8.941177
height: 4.823529
height: 7.058824
height: 9.529412
height: 4.117647
height: 6.352941
height: 8.862745
height: 4.784314
height: 6.980392
height: 9.568627
height: 4.156863
height: 6.352941
height: 8.941177
**ERROR**: Request for nonexistent InputMap action 'centerCamera'.
   At: core/input_map.cpp:195:event_get_action_status() - Condition "!E" is true. Returned: false
height: 4.745098
height: 6.980392
height: 9.529412
height: 4.117647
height: 6.352941
height: 8.862745
**ERROR**: Request for nonexistent InputMap action 'centerCamera'.
   At: core/input_map.cpp:195:event_get_action_status() - Condition "!E" is true. Returned: false
height: 4.745098
height: 6.941177
height: 9.490196
height: 4.078431
height: 6.352941
height: 8.862745
**ERROR**: Request for nonexistent InputMap action 'centerCamera'.
   At: core/input_map.cpp:195:event_get_action_status() - Condition "!E" is true. Returned: false
height: 4.705882
height: 6.941177
height: 9.490196
height: 4.078431
height: 6.27451
height: 8.823529
**ERROR**: Request for nonexistent InputMap action 'centerCamera'.
   At: core/input_map.cpp:195:event_get_action_status() - Condition "!E" is true. Returned: false
height: 4.627451
height: 6.901961
height: 9.490196
height: 4.039216
height: 6.27451
height: 8.745098
**ERROR**: Request for nonexistent InputMap action 'centerCamera'.
   At: core/input_map.cpp:195:event_get_action_status() - Condition "!E" is true. Returned: false
height: 4.627451
height: 6.901961
height: 9.490196
height: 3.960784
height: 6.235294
height: 8.784314
**ERROR**: Request for nonexistent InputMap action 'centerCamera'.
   At: core/input_map.cpp:195:event_get_action_status() - Condition "!E" is true. Returned: false
height: 4.627451
height: 6.901961
height: 9.411765
height: 3.921569
height: 6.196079
height: 8.745098
**ERROR**: Request for nonexistent InputMap action 'centerCamera'.
   At: core/input_map.cpp:195:event_get_action_status() - Condition "!E" is true. Returned: false
height: 4.627451
height: 6.862745
height: 9.411765
height: 3.960784
height: 6.235294
height: 8.745098
**ERROR**: Request for nonexistent InputMap action 'centerCamera'.
   At: core/input_map.cpp:195:event_get_action_status() - Condition "!E" is true. Returned: false
height: 4.627451
height: 6.862745
height: 9.372549
height: 3.960784
height: 6.196079
height: 8.784314
**ERROR**: Request for nonexistent InputMap action 'centerCamera'.
   At: core/input_map.cpp:195:event_get_action_status() - Condition "!E" is true. Returned: false
height: 4.588235
height: 6.862745
height: 9.411765
height: 3.921569
height: 6.235294
height: 8.705882
**ERROR**: Request for nonexistent InputMap action 'centerCamera'.
   At: core/input_map.cpp:195:event_get_action_status() - Condition "!E" is true. Returned: false
height: 4.588235
height: 6.745098
height: 9.372549
height: 3.921569
height: 6.078432
height: 8.705882
**ERROR**: Request for nonexistent InputMap action 'centerCamera'.
   At: core/input_map.cpp:195:event_get_action_status() - Condition "!E" is true. Returned: false
height: 4.588235
height: 6.784314
height: 9.294118
height: 3.882353
height: 6.117647
height: 8.705882
**ERROR**: Request for nonexistent InputMap action 'centerCamera'.
   At: core/input_map.cpp:195:event_get_action_status() - Condition "!E" is true. Returned: false
height: 4.470588
height: 6.82353
height: 9.333333
height: 3.843137
height: 6.078432
height: 8.705882
**ERROR**: Request for nonexistent InputMap action 'centerCamera'.
   At: core/input_map.cpp:195:event_get_action_status() - Condition "!E" is true. Returned: false
height: 4.470588
height: 6.745098
height: 9.294118
height: 3.803922
height: 6.078432
height: 8.588235
**ERROR**: Request for nonexistent InputMap action 'centerCamera'.
   At: core/input_map.cpp:195:event_get_action_status() - Condition "!E" is true. Returned: false
height: 4.470588
height: 6.705883
height: 9.254902
height: 3.803922
height: 6.039216
height: 8.627451
**ERROR**: Request for nonexistent InputMap action 'centerCamera'.
   At: core/input_map.cpp:195:event_get_action_status() - Condition "!E" is true. Returned: false
height: 4.470588
height: 6.705883
height: 9.215686
height: 3.882353
height: 6.039216
height: 8.588235
**ERROR**: Request for nonexistent InputMap action 'centerCamera'.
   At: core/input_map.cpp:195:event_get_action_status() - Condition "!E" is true. Returned: false
height: 4.431373
height: 6.627451
height: 9.254902
height: 3.803922
height: 6.078432
height: 8.54902
**ERROR**: Request for nonexistent InputMap action 'centerCamera'.
   At: core/input_map.cpp:195:event_get_action_status() - Condition "!E" is true. Returned: false
height: 4.431373
height: 6.627451
height: 9.254902
height: 3.764706
height: 6.039216
height: 8.54902
**ERROR**: Request for nonexistent InputMap action 'centerCamera'.
   At: core/input_map.cpp:195:event_get_action_status() - Condition "!E" is true. Returned: false
height: 4.392157
height: 6.627451
height: 9.215686
height: 3.803922
height: 6
height: 8.509804
**ERROR**: Request for nonexistent InputMap action 'centerCamera'.
   At: core/input_map.cpp:195:event_get_action_status() - Condition "!E" is true. Returned: false
height: 4.392157
height: 6.627451
height: 9.176471
height: 3.647059
height: 5.960785
height: 8.509804
**ERROR**: Request for nonexistent InputMap action 'centerCamera'.
   At: core/input_map.cpp:195:event_get_action_status() - Condition "!E" is true. Returned: false
height: 4.352941
height: 6.54902
height: 9.176471
height: 3.72549
height: 5.960785
height: 8.509804
**ERROR**: Request for nonexistent InputMap action 'centerCamera'.
   At: core/input_map.cpp:195:event_get_action_status() - Condition "!E" is true. Returned: false
height: 4.352941
height: 6.627451
height: 9.176471
height: 3.686275
height: 5.960785
height: 8.509804
**ERROR**: Request for nonexistent InputMap action 'centerCamera'.
   At: core/input_map.cpp:195:event_get_action_status() - Condition "!E" is true. Returned: false
height: 4.313726
height: 6.588235
height: 9.098039
height: 3.647059
height: 5.921569
height: 8.509804
**ERROR**: Request for nonexistent InputMap action 'centerCamera'.
   At: core/input_map.cpp:195:event_get_action_status() - Condition "!E" is true. Returned: false
**ERROR**: Request for nonexistent InputMap action 'centerCamera'.
   At: core/input_map.cpp:195:event_get_action_status() - Condition "!E" is true. Returned: false
height: 4.352941
height: 6.588235
height: 9.098039
height: 3.72549
height: 5.921569
height: 8.392157
**ERROR**: Request for nonexistent InputMap action 'centerCamera'.
   At: core/input_map.cpp:195:event_get_action_status() - Condition "!E" is true. Returned: false
height: 4.352941
height: 6.588235
height: 9.019608
height: 3.647059
height: 5.882353
height: 8.392157
**ERROR**: Request for nonexistent InputMap action 'centerCamera'.
   At: core/input_map.cpp:195:event_get_action_status() - Condition "!E" is true. Returned: false
**ERROR**: Request for nonexistent InputMap action 'centerCamera'.
   At: core/input_map.cpp:195:event_get_action_status() - Condition "!E" is true. Returned: false
height: 4.235294
height: 6.431373
height: 9.058824
height: 3.568628
height: 5.882353
height: 8.352941
**ERROR**: Request for nonexistent InputMap action 'centerCamera'.
   At: core/input_map.cpp:195:event_get_action_status() - Condition "!E" is true. Returned: false
height: 4.27451
height: 6.509804
height: 9.058824
height: 3.607843
height: 5.764706
height: 8.352941
**ERROR**: Request for nonexistent InputMap action 'centerCamera'.
   At: core/input_map.cpp:195:event_get_action_status() - Condition "!E" is true. Returned: false
**ERROR**: Request for nonexistent InputMap action 'centerCamera'.
   At: core/input_map.cpp:195:event_get_action_status() - Condition "!E" is true. Returned: false
height: 4.156863
height: 6.431373
height: 9.019608
height: 3.647059
height: 5.803922
height: 8.352941
**ERROR**: Request for nonexistent InputMap action 'centerCamera'.
   At: core/input_map.cpp:195:event_get_action_status() - Condition "!E" is true. Returned: false
height: 4.235294
height: 6.431373
height: 8.941177
height: 3.568628
height: 5.843138
height: 8.235294
**ERROR**: Request for nonexistent InputMap action 'centerCamera'.
   At: core/input_map.cpp:195:event_get_action_status() - Condition "!E" is true. Returned: false
**ERROR**: Request for nonexistent InputMap action 'centerCamera'.
   At: core/input_map.cpp:195:event_get_action_status() - Condition "!E" is true. Returned: false
height: 4.156863
height: 6.431373
height: 8.941177
height: 3.568628
height: 5.803922
height: 8.27451
**ERROR**: Request for nonexistent InputMap action 'centerCamera'.
   At: core/input_map.cpp:195:event_get_action_status() - Condition "!E" is true. Returned: false
height: 4.156863
height: 6.352941
height: 8.941177
height: 3.490196
height: 5.72549
height: 8.27451
**ERROR**: Request for nonexistent InputMap action 'centerCamera'.
   At: core/input_map.cpp:195:event_get_action_status() - Condition "!E" is true. Returned: false
**ERROR**: Request for nonexistent InputMap action 'centerCamera'.
   At: core/input_map.cpp:195:event_get_action_status() - Condition "!E" is true. Returned: false
height: 4.156863
height: 6.392157
height: 8.941177
height: 3.490196
height: 5.72549
height: 8.27451
**ERROR**: Request for nonexistent InputMap action 'centerCamera'.
   At: core/input_map.cpp:195:event_get_action_status() - Condition "!E" is true. Returned: false
**ERROR**: Request for nonexistent InputMap action 'centerCamera'.
   At: core/input_map.cpp:195:event_get_action_status() - Condition "!E" is true. Returned: false
height: 4.117647
height: 6.392157
height: 8.862745
height: 3.490196
height: 5.72549
height: 8.235294
**ERROR**: Request for nonexistent InputMap action 'centerCamera'.
   At: core/input_map.cpp:195:event_get_action_status() - Condition "!E" is true. Returned: false
height: 4.117647
height: 6.352941
height: 8.901961
height: 3.490196
height: 5.72549
height: 8.235294
**ERROR**: Request for nonexistent InputMap action 'centerCamera'.
   At: core/input_map.cpp:195:event_get_action_status() - Condition "!E" is true. Returned: false
**ERROR**: Request for nonexistent InputMap action 'centerCamera'.
   At: core/input_map.cpp:195:event_get_action_status() - Condition "!E" is true. Returned: false
height: 4.078431
height: 6.352941
height: 8.862745
height: 3.411765
height: 5.607843
height: 8.235294
**ERROR**: Request for nonexistent InputMap action 'centerCamera'.
   At: core/input_map.cpp:195:event_get_action_status() - Condition "!E" is true. Returned: false
height: 4.078431
height: 6.27451
height: 8.823529
height: 3.411765
height: 5.607843
height: 8.196079
**ERROR**: Request for nonexistent InputMap action 'centerCamera'.
   At: core/input_map.cpp:195:event_get_action_status() - Condition "!E" is true. Returned: false
**ERROR**: Request for nonexistent InputMap action 'centerCamera'.
   At: core/input_map.cpp:195:event_get_action_status() - Condition "!E" is true. Returned: false
height: 4.039216
height: 6.27451
height: 8.745098
height: 3.411765
height: 5.568628
height: 8.156863
**ERROR**: Request for nonexistent InputMap action 'centerCamera'.
   At: core/input_map.cpp:195:event_get_action_status() - Condition "!E" is true. Returned: false
**ERROR**: Request for nonexistent InputMap action 'centerCamera'.
   At: core/input_map.cpp:195:event_get_action_status() - Condition "!E" is true. Returned: false
height: 4
height: 6.27451
height: 8.745098
height: 3.411765
height: 5.647059
height: 8.156863
height: 3.960784
height: 6.27451
height: 8.823529
height: 3.372549
height: 5.607843
height: 8.117647
height: 3.960784
height: 6.235294
height: 8.784314
height: 3.372549
height: 5.568628
height: 8.078431
height: 3.960784
height: 6.196079
height: 8.745098
height: 3.333333
height: 5.568628
height: 8.078431
height: 3.960784
height: 6.196079
height: 8.705882
height: 3.294118
height: 5.568628
height: 8.078431
height: 3.921569
height: 6.156863
height: 8.705882
height: 3.294118
height: 5.490196
height: 8.078431
height: 3.843137
height: 6.156863
height: 8.745098
height: 3.254902
height: 5.529412
height: 8.039216
height: 3.921569
height: 6.078432
height: 8.705882
height: 3.254902
height: 5.490196
height: 8.039216
height: 3.921569
height: 6.078432
height: 8.627451
height: 3.215686
height: 5.450981
height: 7.960784
height: 3.803922
height: 6.117647
height: 8.627451
height: 3.137255
height: 5.450981
height: 7.960784
height: 3.843137
height: 6.078432
height: 8.588235
height: 3.176471
height: 5.450981
height: 7.960784
height: 3.803922
height: 6.039216
height: 8.627451
height: 3.098039
height: 5.411765
height: 7.960784
height: 3.764706
height: 6.039216
height: 8.54902
height: 3.098039
height: 5.372549
height: 7.882353
height: 3.764706
height: 6.039216
height: 8.54902
height: 3.176471
height: 5.372549
height: 7.921569
height: 3.764706
height: 6
height: 8.54902
height: 3.098039
height: 5.294118
height: 7.843137
height: 3.764706
height: 5.960785
height: 8.509804
height: 3.098039
height: 5.294118
height: 7.843137
height: 3.72549
height: 5.960785
height: 8.509804
height: 3.098039
height: 5.294118
height: 7.843137
height: 3.647059
height: 5.882353
height: 8.431373
height: 3.019608
height: 5.294118
height: 7.843137
height: 3.686275
height: 5.882353
height: 8.431373
height: 3.058824
height: 5.254902
height: 7.843137
height: 3.607843
height: 5.882353
height: 8.431373
height: 3.019608
height: 5.254902
height: 7.764706
height: 3.607843
height: 5.843138
height: 8.431373
height: 2.980392
height: 5.215687
height: 7.764706
height: 3.568628
height: 5.843138
height: 8.352941
height: 2.941177
height: 5.294118
height: 7.72549
height: 3.568628
height: 5.843138
height: 8.352941
height: 2.941177
height: 5.137255
height: 7.686275
height: 3.607843
height: 5.843138
height: 8.352941
height: 2.901961
height: 5.09804
height: 7.686275
height: 3.607843
height: 5.764706
height: 8.27451
height: 2.901961
height: 5.09804
height: 7.647059
height: 3.490196
height: 5.764706
height: 8.27451
height: 2.82353
height: 5.09804
height: 7.607843
height: 3.490196
height: 5.72549
height: 8.27451
height: 2.82353
height: 5.09804
height: 7.647059
height: 3.490196
height: 5.72549
height: 8.27451
height: 2.82353
height: 5.058824
height: 7.568628
height: 3.45098
height: 5.686275
height: 8.196079
height: 2.784314
height: 5.058824
height: 7.607843
height: 3.411765
height: 5.686275
height: 8.235294
height: 2.784314
height: 5.09804
height: 7.607843
height: 3.411765
height: 5.686275
height: 8.235294
height: 2.784314
height: 4.980392
height: 7.607843
height: 3.372549
height: 5.647059
height: 8.196079
height: 2.745098
height: 4.941176
height: 7.529412
height: 3.333333
height: 5.647059
height: 8.196079
height: 2.745098
height: 4.941176
height: 7.529412
height: 3.372549
height: 5.607843
height: 8.196079
height: 2.705882
height: 4.941176
height: 7.490196
height: 3.372549
height: 5.568628
height: 8.039216
height: 2.745098
height: 4.901961
height: 7.411765
height: 3.294118
height: 5.490196
height: 8.078431
height: 2.627451
height: 4.941176
height: 7.490196
height: 3.294118
height: 5.568628
height: 8.039216
height: 2.627451
height: 4.901961
height: 7.450981
height: 3.294118
height: 5.490196
height: 8.078431
height: 2.627451
height: 4.823529
height: 7.411765
height: 3.294118
height: 5.568628
height: 8.039216
height: 2.627451
height: 4.901961
height: 7.411765
height: 3.254902
height: 5.490196
height: 7.960784
height: 2.627451
height: 4.823529
height: 7.372549
height: 3.176471
height: 5.411765
height: 8.039216
height: 2.509804
height: 4.784314
height: 7.372549
height: 3.137255
height: 5.450981
height: 7.960784
height: 2.588235
height: 4.784314
height: 7.372549
height: 3.137255
height: 5.411765
height: 7.960784
height: 2.54902
height: 4.745098
height: 7.294118
height: 3.137255
height: 5.372549
height: 7.882353
height: 2.509804
height: 4.745098
height: 7.294118
height: 3.098039
height: 5.372549
height: 7.882353
height: 2.509804
height: 4.705882
height: 7.215686
height: 3.137255
height: 5.372549
height: 7.921569
height: 2.392157
height: 4.705882
height: 7.215686
height: 3.058824
height: 5.294118
height: 7.882353
height: 2.470588
height: 4.745098
height: 7.254902
height: 3.098039
height: 5.372549
height: 7.882353
height: 2.470588
height: 4.627451
height: 7.176471
height: 3.058824
height: 5.294118
height: 7.843137
height: 2.392157
height: 4.627451
height: 7.215686
height: 3.058824
height: 5.294118
height: 7.843137
height: 2.392157
height: 4.627451
height: 7.176471
height: 2.980392
height: 5.215687
height: 7.764706
height: 2.392157
height: 4.627451
height: 7.176471
height: 2.941177
height: 5.294118
height: 7.843137
height: 2.313726
height: 4.588235
height: 7.176471
height: 2.941177
height: 5.215687
height: 7.764706
height: 2.470588
height: 4.588235
height: 7.098039
**ERROR**: Request for nonexistent InputMap action 'centerCamera'.
   At: core/input_map.cpp:195:event_get_action_status() - Condition "!E" is true. Returned: false
**ERROR**: Request for nonexistent InputMap action 'centerCamera'.
   At: core/input_map.cpp:195:event_get_action_status() - Condition "!E" is true. Returned: false
height: 2.980392
height: 5.215687
height: 7.764706
height: 2.313726
height: 4.54902
height: 7.058824
**ERROR**: Request for nonexistent InputMap action 'centerCamera'.
   At: core/input_map.cpp:195:event_get_action_status() - Condition "!E" is true. Returned: false
**ERROR**: Request for nonexistent InputMap action 'centerCamera'.
   At: core/input_map.cpp:195:event_get_action_status() - Condition "!E" is true. Returned: false
height: 2.901961
height: 5.176471
height: 7.72549
height: 2.235294
height: 4.588235
height: 7.098039
**ERROR**: Request for nonexistent InputMap action 'centerCamera'.
   At: core/input_map.cpp:195:event_get_action_status() - Condition "!E" is true. Returned: false
height: 2.941177
height: 5.09804
height: 7.686275
height: 2.27451
height: 4.509804
height: 7.098039
**ERROR**: Request for nonexistent InputMap action 'centerCamera'.
   At: core/input_map.cpp:195:event_get_action_status() - Condition "!E" is true. Returned: false
height: 2.941177
height: 5.09804
height: 7.686275
height: 2.235294
height: 4.470588
height: 7.058824
**ERROR**: Request for nonexistent InputMap action 'centerCamera'.
   At: core/input_map.cpp:195:event_get_action_status() - Condition "!E" is true. Returned: false
height: 2.82353
height: 5.09804
height: 7.607843
height: 2.27451
height: 4.470588
height: 6.941177
**ERROR**: Request for nonexistent InputMap action 'centerCamera'.
   At: core/input_map.cpp:195:event_get_action_status() - Condition "!E" is true. Returned: false
height: 2.82353
height: 5.09804
height: 7.607843
height: 2.156863
height: 4.470588
height: 7.058824
**ERROR**: Request for nonexistent InputMap action 'centerCamera'.
   At: core/input_map.cpp:195:event_get_action_status() - Condition "!E" is true. Returned: false
height: 2.82353
height: 5.09804
height: 7.568628
height: 2.156863
height: 4.431373
height: 7.019608
**ERROR**: Request for nonexistent InputMap action 'centerCamera'.
   At: core/input_map.cpp:195:event_get_action_status() - Condition "!E" is true. Returned: false
**ERROR**: Request for nonexistent InputMap action 'centerCamera'.
   At: core/input_map.cpp:195:event_get_action_status() - Condition "!E" is true. Returned: false
**ERROR**: Request for nonexistent InputMap action 'centerCamera'.
   At: core/input_map.cpp:195:event_get_action_status() - Condition "!E" is true. Returned: false
height: 2.82353
height: 5.09804
height: 7.568628
height: 2.156863
height: 4.392157
height: 7.058824
**ERROR**: Request for nonexistent InputMap action 'centerCamera'.
   At: core/input_map.cpp:195:event_get_action_status() - Condition "!E" is true. Returned: false
height: 2.784314
height: 5.058824
height: 7.568628
height: 2.078431
height: 4.392157
height: 6.901961
**ERROR**: Request for nonexistent InputMap action 'centerCamera'.
   At: core/input_map.cpp:195:event_get_action_status() - Condition "!E" is true. Returned: false
height: 2.745098
height: 5.019608
height: 7.529412
height: 2.117647
height: 4.392157
height: 6.941177
**ERROR**: Request for nonexistent InputMap action 'centerCamera'.
   At: core/input_map.cpp:195:event_get_action_status() - Condition "!E" is true. Returned: false
height: 2.745098
height: 5.058824
height: 7.568628
height: 2.117647
height: 4.392157
height: 6.862745
**ERROR**: Request for nonexistent InputMap action 'centerCamera'.
   At: core/input_map.cpp:195:event_get_action_status() - Condition "!E" is true. Returned: false
height: 2.784314
height: 4.941176
height: 7.529412
height: 2.117647
height: 4.352941
height: 6.784314
**ERROR**: Request for nonexistent InputMap action 'centerCamera'.
   At: core/input_map.cpp:195:event_get_action_status() - Condition "!E" is true. Returned: false
height: 2.705882
height: 4.941176
height: 7.568628
height: 2.078431
height: 4.27451
height: 6.862745
**ERROR**: Request for nonexistent InputMap action 'centerCamera'.
   At: core/input_map.cpp:195:event_get_action_status() - Condition "!E" is true. Returned: false
height: 2.745098
height: 4.941176
height: 7.490196
height: 2.039216
height: 4.27451
height: 6.862745
height: 2.627451
height: 4.901961
height: 7.411765
height: 2.078431
height: 4.27451
height: 6.862745
height: 2.627451
height: 4.823529
height: 7.450981
height: 2.078431
height: 4.27451
height: 6.784314
height: 2.627451
height: 4.901961
height: 7.411765
height: 1.921569
height: 4.235294
height: 6.745098
height: 2.705882
height: 4.823529
height: 7.372549
height: 2
height: 4.156863
height: 6.82353
height: 2.627451
height: 4.823529
height: 7.411765
height: 1.843137
height: 4.196078
height: 6.82353
height: 2.588235
height: 4.823529
height: 7.294118
height: 1.921569
height: 4.156863
height: 6.705883
height: 2.588235
height: 4.784314
height: 7.294118
height: 1.921569
height: 4.117647
height: 6.705883
height: 2.509804
height: 4.784314
height: 7.294118
height: 1.882353
height: 4.156863
height: 6.666667
height: 2.509804
height: 4.745098
height: 7.294118
height: 1.843137
height: 4.117647
height: 6.588235
height: 2.470588
height: 4.705882
height: 7.294118
height: 1.803922
height: 4.078431
height: 6.627451
height: 2.470588
height: 4.745098
height: 7.254902
height: 1.843137
height: 4.117647
height: 6.627451
height: 2.313726
height: 4.627451
height: 7.254902
height: 1.843137
height: 4.078431
height: 6.588235
height: 2.431373
height: 4.705882
height: 7.254902
height: 1.764706
height: 4.039216
height: 6.588235
height: 2.392157
height: 4.627451
height: 7.176471
height: 1.803922
height: 4.039216
height: 6.54902
height: 2.392157
height: 4.627451
height: 7.215686
height: 1.72549
height: 3.921569
height: 6.54902
height: 2.392157
height: 4.627451
height: 7.215686
height: 1.764706
height: 3.960784
height: 6.54902
height: 2.392157
height: 4.627451
height: 7.098039
height: 1.764706
height: 3.921569
height: 6.431373
height: 2.352941
height: 4.54902
height: 7.098039
height: 1.72549
height: 3.921569
height: 6.509804
height: 2.27451
height: 4.588235
height: 7.098039
height: 1.647059
height: 3.960784
height: 6.431373
height: 2.27451
height: 4.470588
height: 7.098039
height: 1.686275
height: 3.921569
height: 6.509804
height: 2.27451
height: 4.54902
height: 7.058824
height: 1.647059
height: 3.921569
height: 6.431373
height: 2.27451
height: 4.470588
height: 7.098039
height: 1.607843
height: 3.843137
height: 6.352941
height: 2.235294
height: 4.470588
height: 6.941177
height: 1.607843
height: 3.764706
height: 6.352941
height: 2.235294
height: 4.470588
height: 7.058824
height: 1.568628
height: 3.764706
height: 6.352941
height: 2.196078
height: 4.431373
height: 6.980392
height: 1.490196
height: 3.764706
height: 6.313726
height: 2.117647
height: 4.431373
height: 7.019608
height: 1.490196
height: 3.72549
height: 6.27451
height: 2.156863
height: 4.392157
height: 6.941177
height: 1.490196
height: 3.686275
height: 6.313726
height: 2.117647
height: 4.352941
height: 6.941177
height: 1.45098
height: 3.72549
height: 6.235294
height: 2.117647
height: 4.352941
height: 6.901961
height: 1.45098
height: 3.72549
height: 6.27451
height: 2.117647
height: 4.27451
height: 6.862745
height: 1.45098
height: 3.72549
height: 6.235294
height: 2.117647
height: 4.313726
height: 6.862745
height: 1.411765
height: 3.72549
height: 6.196079
height: 2.117647
height: 4.27451
height: 6.82353
height: 1.411765
height: 3.607843
height: 6.156863
height: 2.078431
height: 4.27451
height: 6.862745
height: 1.372549
height: 3.647059
height: 6.196079
height: 2
height: 4.235294
height: 6.745098
height: 1.411765
height: 3.568628
height: 6.078432
**ERROR**: Request for nonexistent InputMap action 'centerCamera'.
   At: core/input_map.cpp:195:event_get_action_status() - Condition "!E" is true. Returned: false
height: 2
height: 4.235294
height: 6.784314
height: 1.372549
height: 3.607843
height: 6.078432
**ERROR**: Request for nonexistent InputMap action 'centerCamera'.
   At: core/input_map.cpp:195:event_get_action_status() - Condition "!E" is true. Returned: false
height: 1.960784
height: 4.156863
height: 6.784314
height: 1.333333
height: 3.568628
height: 6.117647
**ERROR**: Request for nonexistent InputMap action 'centerCamera'.
   At: core/input_map.cpp:195:event_get_action_status() - Condition "!E" is true. Returned: false
height: 1.960784
height: 4.156863
height: 6.745098
height: 1.294118
height: 3.607843
height: 6.156863
**ERROR**: Request for nonexistent InputMap action 'centerCamera'.
   At: core/input_map.cpp:195:event_get_action_status() - Condition "!E" is true. Returned: false
height: 1.921569
height: 4.196078
height: 6.705883
height: 1.254902
height: 3.490196
height: 6.039216
**ERROR**: Request for nonexistent InputMap action 'centerCamera'.
   At: core/input_map.cpp:195:event_get_action_status() - Condition "!E" is true. Returned: false
height: 1.921569
height: 4.156863
height: 6.705883
height: 1.294118
height: 3.490196
height: 6.039216
**ERROR**: Request for nonexistent InputMap action 'centerCamera'.
   At: core/input_map.cpp:195:event_get_action_status() - Condition "!E" is true. Returned: false
height: 1.921569
height: 4.117647
height: 6.666667
height: 1.254902
height: 3.490196
height: 5.960785
height: 1.882353
height: 4.078431
height: 6.705883
height: 1.176471
height: 3.411765
height: 5.960785
height: 1.921569
height: 4.117647
height: 6.627451
height: 1.254902
height: 3.411765
height: 5.960785
**ERROR**: Request for nonexistent InputMap action 'centerCamera'.
   At: core/input_map.cpp:195:event_get_action_status() - Condition "!E" is true. Returned: false
height: 1.882353
height: 4.117647
height: 6.666667
height: 1.254902
height: 3.411765
height: 6
**ERROR**: Request for nonexistent InputMap action 'centerCamera'.
   At: core/input_map.cpp:195:event_get_action_status() - Condition "!E" is true. Returned: false
height: 1.803922
height: 4.039216
height: 6.588235
height: 1.176471
height: 3.372549
height: 5.960785
height: 1.803922
height: 4.078431
height: 6.588235
height: 1.176471
height: 3.411765
height: 5.921569
height: 1.764706
height: 3.960784
height: 6.509804
height: 1.098039
height: 3.372549
height: 5.921569
height: 1.764706
height: 3.960784
height: 6.509804
height: 1.098039
height: 3.372549
height: 5.843138
height: 1.764706
height: 3.960784
height: 6.509804
height: 1.137255
height: 3.294118
height: 5.882353
height: 1.72549
height: 3.921569
height: 6.54902
height: 1.098039
height: 3.294118
height: 5.843138
height: 1.72549
height: 3.921569
height: 6.431373
height: 1.058824
height: 3.294118
height: 5.764706
height: 1.764706
height: 3.921569
height: 6.509804
height: 1.058824
height: 3.254902
height: 5.803922
height: 1.647059
height: 3.921569
height: 6.509804
height: 0.980392
height: 3.254902
height: 5.843138
height: 1.647059
height: 3.921569
height: 6.431373
height: 0.980392
height: 3.254902
height: 5.764706
height: 1.607843
height: 3.843137
height: 6.352941
height: 0.980392
height: 3.176471
height: 5.72549
height: 1.607843
height: 3.803922
height: 6.392157
height: 0.941176
height: 3.137255
height: 5.72549
height: 1.607843
height: 3.803922
height: 6.392157
height: 0.901961
height: 3.137255
height: 5.72549
height: 1.647059
height: 3.803922
height: 6.392157
height: 0.941176
height: 3.098039
height: 5.607843
height: 1.529412
height: 3.764706
height: 6.392157
height: 0.862745
height: 3.098039
height: 5.647059
height: 1.490196
height: 3.764706
height: 6.352941
height: 0.901961
height: 3.098039
height: 5.647059
height: 1.490196
height: 3.72549
height: 6.27451
height: 0.823529
height: 3.098039
height: 5.607843
height: 1.45098
height: 3.72549
height: 6.27451
height: 0.823529
height: 3.098039
height: 5.568628
height: 1.45098
height: 3.72549
height: 6.235294
height: 0.823529
height: 3.058824
height: 5.568628
height: 1.411765
height: 3.647059
height: 6.196079
height: 0.784314
height: 3.019608
height: 5.568628
height: 1.372549
height: 3.647059
height: 6.196079
height: 0.745098
height: 3.058824
height: 5.490196
height: 1.372549
height: 3.607843
height: 6.196079
height: 0.745098
height: 3.058824
height: 5.490196
height: 1.45098
height: 3.607843
height: 6.196079
height: 0.745098
height: 2.941177
height: 5.490196
height: 1.372549
height: 3.568628
height: 6.196079
height: 0.745098
height: 2.941177
height: 5.490196
height: 1.372549
height: 3.568628
height: 6.078432
height: 0.705882
height: 2.941177
height: 5.450981
height: 1.333333
height: 3.568628
height: 6.117647
height: 0.666667
height: 2.901961
height: 5.450981
height: 1.294118
height: 3.490196
height: 6.039216
height: 0.627451
height: 2.901961
height: 5.411765
height: 1.254902
height: 3.490196
height: 6.039216
height: 0.627451
height: 7.882353
height: 5.411765
height: 1.294118
height: 3.45098
height: 6.078432
height: 0.588235
height: 7.843137
height: 5.411765
height: 1.254902
height: 3.45098
height: 6.039216
height: 0.588235
height: 7.843137
height: 5.450981
height: 1.254902
height: 3.45098
height: 6.039216
height: 0.588235
height: 7.843137
height: 5.372549
height: 1.176471
height: 3.411765
height: 5.921569
height: 0.509804
height: 7.843137
height: 5.372549
height: 1.176471
height: 3.372549
height: 5.960785
height: 0.509804
height: 7.843137
height: 10
height: 1.137255
height: 3.372549
height: 5.921569
height: 5.529412
height: 7.764706
height: 10
height: 1.176471
height: 3.45098
height: 5.921569
height: 5.450981
height: 7.72549
height: 10
height: 1.137255
height: 3.372549
height: 5.882353
height: 5.490196
height: 7.72549
height: 10
height: 1.058824
height: 3.294118
height: 5.843138
height: 5.411765
height: 7.686275
height: 10
height: 1.098039
height: 3.372549
height: 5.882353
height: 5.411765
height: 7.686275
height: 10
height: 1.058824
height: 3.372549
height: 5.843138
height: 5.450981
height: 7.72549
height: 10
height: 0.980392
height: 3.294118
height: 5.764706
height: 5.411765
height: 7.607843
height: 10
height: 0.941176
height: 3.294118
height: 5.764706
height: 5.372549
height: 7.647059
height: 10
height: 0.980392
height: 3.215686
height: 5.764706
height: 5.372549
height: 7.607843
height: 10
height: 0.980392
height: 3.098039
height: 5.764706
height: 5.294118
height: 7.607843
height: 10
height: 0.901961
height: 3.137255
height: 5.764706
height: 5.333334
height: 7.568628
height: 10
height: 1.019608
height: 3.176471
height: 5.72549
height: 5.294118
height: 7.568628
height: 10
height: 0.901961
height: 3.176471
height: 5.686275
height: 5.254902
height: 7.529412
height: 10
height: 0.901961
height: 3.098039
height: 5.647059
height: 5.294118
height: 7.490196
height: 10
height: 0.823529
height: 3.058824
height: 5.607843
height: 5.254902
height: 7.411765
height: 10
height: 0.862745
height: 3.098039
height: 5.607843
height: 5.294118
height: 7.411765
height: 10
height: 0.823529
height: 3.058824
height: 5.607843
height: 5.294118
height: 7.411765
height: 9.960784
height: 0.823529
height: 3.058824
height: 5.607843
height: 5.137255
height: 7.411765
height: 9.921569
height: 0.745098
height: 3.058824
height: 5.568628
height: 5.137255
height: 7.411765
height: 9.960784
height: 0.784314
height: 3.058824
height: 5.568628
height: 5.09804
height: 7.372549
height: 9.921569
height: 0.705882
height: 2.941177
height: 5.568628
height: 5.137255
height: 7.372549
height: 9.882353
height: 0.745098
height: 2.980392
height: 5.490196
height: 5.09804
height: 7.294118
height: 9.843137
height: 0.745098
height: 2.941177
height: 5.568628
height: 5.09804
height: 7.294118
height: 9.882353
height: 0.588235
height: 2.980392
height: 5.490196
height: 5.09804
height: 7.294118
height: 9.764706
height: 0.745098
height: 2.941177
height: 5.411765
height: 5.058824
height: 7.254902
height: 9.843137
height: 0.666667
height: 2.82353
height: 5.411765
height: 5.058824
height: 7.254902
height: 9.843137
height: 0.627451
height: 7.882353
height: 5.372549
height: 5.058824
height: 7.215686
height: 9.764706
height: 0.627451
height: 7.882353
height: 5.372549
height: 4.980392
height: 7.254902
height: 9.764706
height: 0.588235
height: 7.882353
height: 5.372549
height: 4.941176
height: 7.254902
height: 9.72549
height: 0.588235
height: 7.882353
height: 5.372549
height: 4.901961
height: 7.176471
height: 9.764706
height: 0.588235
height: 7.764706
height: 5.294118
height: 4.901961
height: 7.098039
height: 9.686275
height: 0.509804
height: 7.843137
height: 10
height: 4.901961
height: 7.098039
height: 9.686275
height: 0.470588
height: 7.764706
height: 10
height: 4.823529
height: 7.098039
height: 9.607843
height: 5.529412
height: 7.764706
height: 10
height: 4.823529
height: 7.098039
height: 9.607843
height: 5.450981
height: 7.72549
height: 10
height: 4.823529
height: 7.098039
height: 9.607843
height: 5.490196
height: 7.686275
height: 10
height: 4.784314
height: 7.058824
height: 9.607843
height: 5.450981
height: 7.72549
height: 10
height: 4.784314
height: 7.137255
height: 9.607843
height: 5.411765
height: 7.647059
height: 10
height: 4.745098
height: 7.058824
height: 9.607843
height: 5.411765
height: 7.607843
height: 10
height: 4.745098
height: 7.019608
height: 9.568627
height: 5.411765
height: 7.647059
height: 10
height: 4.705882
height: 6.941177
height: 9.490196
height: 5.372549
height: 7.607843
height: 10
height: 4.784314
height: 6.941177
height: 9.529412
height: 5.294118
height: 7.568628
height: 10
height: 4.666667
height: 6.941177
height: 9.490196
height: 5.294118
height: 7.529412
height: 10
height: 4.705882
height: 6.901961
height: 9.411765
height: 5.372549
height: 7.490196
height: 10
height: 4.627451
height: 6.901961
height: 9.411765
height: 5.294118
height: 7.568628
height: 10
height: 4.627451
height: 6.862745
height: 9.372549
height: 5.294118
height: 7.529412
height: 10
height: 4.705882
height: 6.901961
height: 9.411765
height: 5.254902
height: 7.529412
height: 10
height: 4.588235
height: 6.862745
height: 9.372549
height: 5.254902
height: 7.490196
height: 9.960784
height: 4.54902
height: 6.862745
height: 9.372549
height: 5.254902
height: 7.411765
height: 10
height: 4.588235
height: 6.784314
height: 9.294118
height: 5.215687
height: 7.372549
height: 9.960784
height: 4.627451
height: 6.82353
height: 9.333333
height: 5.215687
height: 7.411765
height: 9.960784
height: 4.627451
height: 6.745098
height: 9.254902
height: 5.137255
height: 7.372549
height: 9.921569
height: 4.470588
height: 6.745098
height: 9.294118
height: 5.137255
height: 7.372549
height: 9.921569
height: 4.470588
height: 6.705883
height: 9.254902
height: 5.09804
height: 7.372549
height: 9.882353
height: 4.431373
height: 6.705883
height: 9.215686
height: 5.09804
height: 7.294118
height: 9.960784
height: 4.431373
height: 6.588235
height: 9.215686
height: 5.09804
height: 7.294118
height: 9.843137
height: 4.431373
height: 6.627451
height: 9.215686
height: 5.019608
height: 7.294118
height: 9.764706
height: 4.392157
height: 6.627451
height: 9.176471
height: 5.019608
height: 7.254902
height: 9.843137
height: 4.392157
height: 6.588235
height: 9.176471
height: 5.019608
height: 7.294118
height: 9.843137
height: 4.392157
height: 6.54902
height: 9.098039
height: 5.058824
height: 7.254902
height: 9.764706
height: 4.392157
height: 6.588235
height: 9.176471
height: 5.058824
height: 7.215686
height: 9.764706
height: 4.313726
height: 6.588235
height: 9.176471
height: 4.941176
height: 7.215686
height: 9.764706
height: 4.313726
height: 6.627451
height: 9.058824
height: 4.941176
height: 7.176471
height: 9.686275
height: 4.27451
height: 6.509804
height: 8.980392
height: 4.901961
height: 7.098039
height: 9.686275
height: 4.156863
height: 6.509804
height: 9.019608
height: 4.901961
height: 7.098039
height: 9.686275
height: 4.196078
height: 6.509804
height: 9.019608
height: 4.901961
height: 7.058824
height: 9.607843
height: 4.235294
height: 6.431373
height: 9.019608
height: 4.901961
height: 7.098039
height: 9.686275
height: 4.156863
height: 6.392157
height: 8.941177
height: 4.901961
height: 7.058824
height: 9.607843
height: 4.156863
height: 6.392157
height: 9.019608
height: 4.823529
height: 7.058824
height: 9.607843
height: 4.156863
height: 6.392157
height: 8.941177
height: 4.823529
height: 7.058824
height: 9.529412
height: 4.117647
height: 6.352941
height: 8.862745
height: 4.784314
height: 6.980392
height: 9.568627
height: 4.156863
height: 6.352941
height: 8.941177
height: 4.745098
height: 6.980392
height: 9.529412
height: 4.117647
height: 6.352941
height: 8.862745
**ERROR**: Request for nonexistent InputMap action 'centerCamera'.
   At: core/input_map.cpp:195:event_get_action_status() - Condition "!E" is true. Returned: false
height: 4.745098
height: 6.941177
height: 9.490196
height: 4.078431
height: 6.352941
height: 8.862745
**ERROR**: Request for nonexistent InputMap action 'centerCamera'.
   At: core/input_map.cpp:195:event_get_action_status() - Condition "!E" is true. Returned: false
height: 4.705882
height: 6.941177
height: 9.490196
height: 4.078431
height: 6.27451
height: 8.823529
**ERROR**: Request for nonexistent InputMap action 'centerCamera'.
   At: core/input_map.cpp:195:event_get_action_status() - Condition "!E" is true. Returned: false
height: 4.627451
height: 6.901961
height: 9.490196
height: 4.039216
height: 6.27451
height: 8.745098
**ERROR**: Request for nonexistent InputMap action 'centerCamera'.
   At: core/input_map.cpp:195:event_get_action_status() - Condition "!E" is true. Returned: false
height: 4.627451
height: 6.901961
height: 9.490196
height: 3.960784
height: 6.235294
height: 8.784314
height: 4.627451
height: 6.901961
height: 9.411765
height: 3.921569
height: 6.196079
height: 8.745098
height: 4.627451
height: 6.862745
height: 9.411765
height: 3.960784
height: 6.235294
height: 8.745098
height: 4.627451
height: 6.862745
height: 9.372549
height: 3.960784
height: 6.196079
height: 8.784314
height: 4.588235
height: 6.862745
height: 9.411765
height: 3.921569
height: 6.235294
height: 8.705882
height: 4.588235
height: 6.745098
height: 9.372549
height: 3.921569
height: 6.078432
height: 8.705882
height: 4.588235
height: 6.784314
height: 9.294118
height: 3.882353
height: 6.117647
height: 8.705882
height: 4.470588
height: 6.82353
height: 9.333333
height: 3.843137
height: 6.078432
height: 8.705882
height: 4.470588
height: 6.745098
height: 9.294118
height: 3.803922
height: 6.078432
height: 8.588235
height: 4.470588
height: 6.705883
height: 9.254902
height: 3.803922
height: 6.039216
height: 8.627451
height: 4.470588
height: 6.705883
height: 9.215686
height: 3.882353
height: 6.039216
height: 8.588235
height: 4.431373
height: 6.627451
height: 9.254902
height: 3.803922
height: 6.078432
height: 8.54902
height: 4.431373
height: 6.627451
height: 9.254902
height: 3.764706
height: 6.039216
height: 8.54902
height: 4.392157
height: 6.627451
height: 9.215686
height: 3.803922
height: 6
height: 8.509804
height: 4.392157
height: 6.627451
height: 9.176471
height: 3.647059
height: 5.960785
height: 8.509804
height: 4.352941
height: 6.54902
height: 9.176471
height: 3.72549
height: 5.960785
height: 8.509804
height: 4.352941
height: 6.627451
height: 9.176471
height: 3.686275
height: 5.960785
height: 8.509804
height: 4.313726
height: 6.588235
height: 9.098039
height: 3.647059
height: 5.921569
height: 8.509804
height: 4.352941
height: 6.588235
height: 9.098039
height: 3.72549
height: 5.921569
height: 8.392157
height: 4.352941
height: 6.588235
height: 9.019608
height: 3.647059
height: 5.882353
height: 8.392157
height: 4.235294
height: 6.431373
height: 9.058824
height: 3.568628
height: 5.882353
height: 8.352941
height: 4.27451
height: 6.509804
height: 9.058824
height: 3.607843
height: 5.764706
height: 8.352941
height: 4.156863
height: 6.431373
height: 9.019608
height: 3.647059
height: 5.803922
height: 8.352941
height: 4.235294
height: 6.431373
height: 8.941177
height: 3.568628
height: 5.843138
height: 8.235294
height: 4.156863
height: 6.431373
height: 8.941177
height: 3.568628
height: 5.803922
height: 8.27451
height: 4.156863
height: 6.352941
height: 8.941177
height: 3.490196
height: 5.72549
height: 8.27451
height: 4.156863
height: 6.392157
height: 8.941177
height: 3.490196
height: 5.72549
height: 8.27451
height: 4.117647
height: 6.392157
height: 8.862745
height: 3.490196
height: 5.72549
height: 8.235294
height: 4.117647
height: 6.352941
height: 8.901961
height: 3.490196
height: 5.72549
height: 8.235294
height: 4.078431
height: 6.352941
height: 8.862745
height: 3.411765
height: 5.607843
height: 8.235294
height: 4.078431
height: 6.27451
height: 8.823529
height: 3.411765
height: 5.607843
height: 8.196079
height: 4.039216
height: 6.27451
height: 8.745098
height: 3.411765
height: 5.568628
height: 8.156863
height: 4
height: 6.27451
height: 8.745098
height: 3.411765
height: 5.647059
height: 8.156863
**ERROR**: Request for nonexistent InputMap action 'centerCamera'.
   At: core/input_map.cpp:195:event_get_action_status() - Condition "!E" is true. Returned: false
height: 3.960784
height: 6.27451
height: 8.823529
height: 3.372549
height: 5.607843
height: 8.117647
height: 3.960784
height: 6.235294
height: 8.784314
height: 3.372549
height: 5.568628
height: 8.078431
**ERROR**: Request for nonexistent InputMap action 'centerCamera'.
   At: core/input_map.cpp:195:event_get_action_status() - Condition "!E" is true. Returned: false
height: 3.960784
height: 6.196079
height: 8.745098
height: 3.333333
height: 5.568628
height: 8.078431
height: 3.960784
height: 6.196079
height: 8.705882
height: 3.294118
height: 5.568628
height: 8.078431
**ERROR**: Request for nonexistent InputMap action 'centerCamera'.
   At: core/input_map.cpp:195:event_get_action_status() - Condition "!E" is true. Returned: false
height: 3.921569
height: 6.156863
height: 8.705882
height: 3.294118
height: 5.490196
height: 8.078431
height: 3.843137
height: 6.156863
height: 8.745098
height: 3.254902
height: 5.529412
height: 8.039216
height: 3.921569
height: 6.078432
height: 8.705882
height: 3.254902
height: 5.490196
height: 8.039216
height: 3.921569
height: 6.078432
height: 8.627451
height: 3.215686
height: 5.450981
height: 7.960784
height: 3.803922
height: 6.117647
height: 8.627451
height: 3.137255
height: 5.450981
height: 7.960784
height: 3.843137
height: 6.078432
height: 8.588235
height: 3.176471
height: 5.450981
height: 7.960784
height: 3.803922
height: 6.039216
height: 8.627451
height: 3.098039
height: 5.411765
height: 7.960784
height: 3.764706
height: 6.039216
height: 8.54902
height: 3.098039
height: 5.372549
height: 7.882353
height: 3.764706
height: 6.039216
height: 8.54902
height: 3.176471
height: 5.372549
height: 7.921569
height: 3.764706
height: 6
height: 8.54902
height: 3.098039
height: 5.294118
height: 7.843137
height: 3.764706
height: 5.960785
height: 8.509804
height: 3.098039
height: 5.294118
height: 7.843137
height: 3.72549
height: 5.960785
height: 8.509804
height: 3.098039
height: 5.294118
height: 7.843137
height: 3.647059
height: 5.882353
height: 8.431373
height: 3.019608
height: 5.294118
height: 7.843137
height: 3.686275
height: 5.882353
height: 8.431373
height: 3.058824
height: 5.254902
height: 7.843137
**ERROR**: Request for nonexistent InputMap action 'centerCamera'.
   At: core/input_map.cpp:195:event_get_action_status() - Condition "!E" is true. Returned: false
height: 3.607843
height: 5.882353
height: 8.431373
height: 3.019608
height: 5.254902
height: 7.764706
**ERROR**: Request for nonexistent InputMap action 'centerCamera'.
   At: core/input_map.cpp:195:event_get_action_status() - Condition "!E" is true. Returned: false
height: 3.607843
height: 5.843138
height: 8.431373
height: 2.980392
height: 5.215687
height: 7.764706
**ERROR**: Request for nonexistent InputMap action 'centerCamera'.
   At: core/input_map.cpp:195:event_get_action_status() - Condition "!E" is true. Returned: false
height: 3.568628
height: 5.843138
height: 8.352941
height: 2.941177
height: 5.294118
height: 7.72549
**ERROR**: Request for nonexistent InputMap action 'centerCamera'.
   At: core/input_map.cpp:195:event_get_action_status() - Condition "!E" is true. Returned: false
height: 3.568628
height: 5.843138
height: 8.352941
height: 2.941177
height: 5.137255
height: 7.686275
height: 3.607843
height: 5.843138
height: 8.352941
height: 2.901961
height: 5.09804
height: 7.686275
height: 3.607843
height: 5.764706
height: 8.27451
height: 2.901961
height: 5.09804
height: 7.647059
height: 3.490196
height: 5.764706
height: 8.27451
height: 2.82353
height: 5.09804
height: 7.607843
height: 3.490196
height: 5.72549
height: 8.27451
height: 2.82353
height: 5.09804
height: 7.647059
height: 3.490196
height: 5.72549
height: 8.27451
height: 2.82353
height: 5.058824
height: 7.568628
height: 3.45098
height: 5.686275
height: 8.196079
height: 2.784314
height: 5.058824
height: 7.607843
height: 3.411765
height: 5.686275
height: 8.235294
height: 2.784314
height: 5.09804
height: 7.607843
height: 3.411765
height: 5.686275
height: 8.235294
height: 2.784314
height: 4.980392
height: 7.607843
height: 3.372549
height: 5.647059
height: 8.196079
height: 2.745098
height: 4.941176
height: 7.529412
height: 3.333333
height: 5.647059
height: 8.196079
height: 2.745098
height: 4.941176
height: 7.529412
height: 3.372549
height: 5.607843
height: 8.196079
height: 2.705882
height: 4.941176
height: 7.490196
height: 3.372549
height: 5.568628
height: 8.039216
height: 2.745098
height: 4.901961
height: 7.411765
height: 3.294118
height: 5.490196
height: 8.078431
height: 2.627451
height: 4.941176
height: 7.490196
height: 3.294118
height: 5.568628
height: 8.039216
height: 2.627451
height: 4.901961
height: 7.450981
height: 3.294118
height: 5.490196
height: 8.078431
height: 2.627451
height: 4.823529
height: 7.411765
height: 3.294118
height: 5.568628
height: 8.039216
height: 2.627451
height: 4.901961
height: 7.411765
height: 3.254902
height: 5.490196
height: 7.960784
height: 2.627451
height: 4.823529
height: 7.372549
**ERROR**: Request for nonexistent InputMap action 'centerCamera'.
   At: core/input_map.cpp:195:event_get_action_status() - Condition "!E" is true. Returned: false
height: 3.176471
height: 5.411765
height: 8.039216
height: 2.509804
height: 4.784314
height: 7.372549
**ERROR**: Request for nonexistent InputMap action 'centerCamera'.
   At: core/input_map.cpp:195:event_get_action_status() - Condition "!E" is true. Returned: false
height: 3.137255
height: 5.450981
height: 7.960784
height: 2.588235
height: 4.784314
height: 7.372549
**ERROR**: Request for nonexistent InputMap action 'centerCamera'.
   At: core/input_map.cpp:195:event_get_action_status() - Condition "!E" is true. Returned: false
height: 3.137255
height: 5.411765
height: 7.960784
height: 2.54902
height: 4.745098
height: 7.294118
**ERROR**: Request for nonexistent InputMap action 'centerCamera'.
   At: core/input_map.cpp:195:event_get_action_status() - Condition "!E" is true. Returned: false
height: 3.137255
height: 5.372549
height: 7.882353
height: 2.509804
height: 4.745098
height: 7.294118
**ERROR**: Request for nonexistent InputMap action 'centerCamera'.
   At: core/input_map.cpp:195:event_get_action_status() - Condition "!E" is true. Returned: false
height: 3.098039
height: 5.372549
height: 7.882353
height: 2.509804
height: 4.705882
height: 7.215686
height: 3.137255
height: 5.372549
height: 7.921569
height: 2.392157
height: 4.705882
height: 7.215686
height: 3.058824
height: 5.294118
height: 7.882353
height: 2.470588
height: 4.745098
height: 7.254902
height: 3.098039
height: 5.372549
height: 7.882353
height: 2.470588
height: 4.627451
height: 7.176471
height: 3.058824
height: 5.294118
height: 7.843137
height: 2.392157
height: 4.627451
height: 7.215686
height: 3.058824
height: 5.294118
height: 7.843137
height: 2.392157
height: 4.627451
height: 7.176471
height: 2.980392
height: 5.215687
height: 7.764706
height: 2.392157
height: 4.627451
height: 7.176471
height: 2.941177
height: 5.294118
height: 7.843137
height: 2.313726
height: 4.588235
height: 7.176471
height: 2.941177
height: 5.215687
height: 7.764706
height: 2.470588
height: 4.588235
height: 7.098039
height: 2.980392
height: 5.215687
height: 7.764706
height: 2.313726
height: 4.54902
height: 7.058824
height: 2.901961
height: 5.176471
height: 7.72549
height: 2.235294
height: 4.588235
height: 7.098039
height: 2.941177
height: 5.09804
height: 7.686275
height: 2.27451
height: 4.509804
height: 7.098039
height: 2.941177
height: 5.09804
height: 7.686275
height: 2.235294
height: 4.470588
height: 7.058824
**ERROR**: Request for nonexistent InputMap action 'centerCamera'.
   At: core/input_map.cpp:195:event_get_action_status() - Condition "!E" is true. Returned: false
**ERROR**: Request for nonexistent InputMap action 'centerCamera'.
   At: core/input_map.cpp:195:event_get_action_status() - Condition "!E" is true. Returned: false
**ERROR**: Request for nonexistent InputMap action 'centerCamera'.
   At: core/input_map.cpp:195:event_get_action_status() - Condition "!E" is true. Returned: false
height: 2.82353
height: 5.09804
height: 7.607843
height: 2.27451
height: 4.470588
height: 6.941177
**ERROR**: Request for nonexistent InputMap action 'centerCamera'.
   At: core/input_map.cpp:195:event_get_action_status() - Condition "!E" is true. Returned: false
height: 2.82353
height: 5.09804
height: 7.607843
height: 2.156863
height: 4.470588
height: 7.058824
height: 2.82353
height: 5.09804
height: 7.568628
height: 2.156863
height: 4.431373
height: 7.019608
height: 2.82353
height: 5.09804
height: 7.568628
height: 2.156863
height: 4.392157
height: 7.058824
height: 2.784314
height: 5.058824
height: 7.568628
height: 2.078431
height: 4.392157
height: 6.901961
**ERROR**: Request for nonexistent InputMap action 'centerCamera'.
   At: core/input_map.cpp:195:event_get_action_status() - Condition "!E" is true. Returned: false
height: 2.745098
height: 5.019608
height: 7.529412
height: 2.117647
height: 4.392157
height: 6.941177
height: 2.745098
height: 5.058824
height: 7.568628
height: 2.117647
height: 4.392157
height: 6.862745
height: 2.784314
height: 4.941176
height: 7.529412
height: 2.117647
height: 4.352941
height: 6.784314
**ERROR**: Request for nonexistent InputMap action 'centerCamera'.
   At: core/input_map.cpp:195:event_get_action_status() - Condition "!E" is true. Returned: false
height: 2.705882
height: 4.941176
height: 7.568628
height: 2.078431
height: 4.27451
height: 6.862745
**ERROR**: Request for nonexistent InputMap action 'centerCamera'.
   At: core/input_map.cpp:195:event_get_action_status() - Condition "!E" is true. Returned: false
height: 2.745098
height: 4.941176
height: 7.490196
height: 2.039216
height: 4.27451
height: 6.862745
**ERROR**: Request for nonexistent InputMap action 'centerCamera'.
   At: core/input_map.cpp:195:event_get_action_status() - Condition "!E" is true. Returned: false
height: 2.627451
height: 4.901961
height: 7.411765
height: 2.078431
height: 4.27451
height: 6.862745
height: 2.627451
height: 4.823529
height: 7.450981
height: 2.078431
height: 4.27451
height: 6.784314
height: 2.627451
height: 4.901961
height: 7.411765
height: 1.921569
height: 4.235294
height: 6.745098
height: 2.705882
height: 4.823529
height: 7.372549
height: 2
height: 4.156863
height: 6.82353
**ERROR**: Request for nonexistent InputMap action 'centerCamera'.
   At: core/input_map.cpp:195:event_get_action_status() - Condition "!E" is true. Returned: false
height: 2.627451
height: 4.823529
height: 7.411765
height: 1.843137
height: 4.196078
height: 6.82353
**ERROR**: Request for nonexistent InputMap action 'centerCamera'.
   At: core/input_map.cpp:195:event_get_action_status() - Condition "!E" is true. Returned: false
height: 2.588235
height: 4.823529
height: 7.294118
height: 1.921569
height: 4.156863
height: 6.705883
**ERROR**: Request for nonexistent InputMap action 'centerCamera'.
   At: core/input_map.cpp:195:event_get_action_status() - Condition "!E" is true. Returned: false
height: 2.588235
height: 4.784314
height: 7.294118
height: 1.921569
height: 4.117647
height: 6.705883
**ERROR**: Request for nonexistent InputMap action 'centerCamera'.
   At: core/input_map.cpp:195:event_get_action_status() - Condition "!E" is true. Returned: false
height: 2.509804
height: 4.784314
height: 7.294118
height: 1.882353
height: 4.156863
height: 6.666667
height: 2.509804
height: 4.745098
height: 7.294118
height: 1.843137
height: 4.117647
height: 6.588235
height: 2.470588
height: 4.705882
height: 7.294118
height: 1.803922
height: 4.078431
height: 6.627451
height: 2.470588
height: 4.745098
height: 7.254902
height: 1.843137
height: 4.117647
height: 6.627451
height: 2.313726
height: 4.627451
height: 7.254902
height: 1.843137
height: 4.078431
height: 6.588235
height: 2.431373
height: 4.705882
height: 7.254902
height: 1.764706
height: 4.039216
height: 6.588235
height: 2.392157
height: 4.627451
height: 7.176471
height: 1.803922
height: 4.039216
height: 6.54902
height: 2.392157
height: 4.627451
height: 7.215686
height: 1.72549
height: 3.921569
height: 6.54902
height: 2.392157
height: 4.627451
height: 7.215686
height: 1.764706
height: 3.960784
height: 6.54902
height: 2.392157
height: 4.627451
height: 7.098039
height: 1.764706
height: 3.921569
height: 6.431373
**ERROR**: Request for nonexistent InputMap action 'centerCamera'.
   At: core/input_map.cpp:195:event_get_action_status() - Condition "!E" is true. Returned: false
height: 2.352941
height: 4.54902
height: 7.098039
height: 1.72549
height: 3.921569
height: 6.509804
**ERROR**: Request for nonexistent InputMap action 'centerCamera'.
   At: core/input_map.cpp:195:event_get_action_status() - Condition "!E" is true. Returned: false
height: 2.27451
height: 4.588235
height: 7.098039
height: 1.647059
height: 3.960784
height: 6.431373
**ERROR**: Request for nonexistent InputMap action 'centerCamera'.
   At: core/input_map.cpp:195:event_get_action_status() - Condition "!E" is true. Returned: false
height: 2.27451
height: 4.470588
height: 7.098039
height: 1.686275
height: 3.921569
height: 6.509804
**ERROR**: Request for nonexistent InputMap action 'centerCamera'.
   At: core/input_map.cpp:195:event_get_action_status() - Condition "!E" is true. Returned: false
height: 2.27451
height: 4.54902
height: 7.058824
height: 1.647059
height: 3.921569
height: 6.431373
**ERROR**: Request for nonexistent InputMap action 'centerCamera'.
   At: core/input_map.cpp:195:event_get_action_status() - Condition "!E" is true. Returned: false
height: 2.27451
height: 4.470588
height: 7.098039
height: 1.607843
height: 3.843137
height: 6.352941
height: 2.235294
height: 4.470588
height: 6.941177
height: 1.607843
height: 3.764706
height: 6.352941
height: 2.235294
height: 4.470588
height: 7.058824
height: 1.568628
height: 3.764706
height: 6.352941
height: 2.196078
height: 4.431373
height: 6.980392
height: 1.490196
height: 3.764706
height: 6.313726
height: 2.117647
height: 4.431373
height: 7.019608
height: 1.490196
height: 3.72549
height: 6.27451
height: 2.156863
height: 4.392157
height: 6.941177
height: 1.490196
height: 3.686275
height: 6.313726
height: 2.117647
height: 4.352941
height: 6.941177
height: 1.45098
height: 3.72549
height: 6.235294
height: 2.117647
height: 4.352941
height: 6.901961
height: 1.45098
height: 3.72549
height: 6.27451
height: 2.117647
height: 4.27451
height: 6.862745
height: 1.45098
height: 3.72549
height: 6.235294
height: 2.117647
height: 4.313726
height: 6.862745
height: 1.411765
height: 3.72549
height: 6.196079
height: 2.117647
height: 4.27451
height: 6.82353
height: 1.411765
height: 3.607843
height: 6.156863
height: 2.078431
height: 4.27451
height: 6.862745
height: 1.372549
height: 3.647059
height: 6.196079
height: 2
height: 4.235294
height: 6.745098
height: 1.411765
height: 3.568628
height: 6.078432
height: 2
height: 4.235294
height: 6.784314
height: 1.372549
height: 3.607843
height: 6.078432
height: 1.960784
height: 4.156863
height: 6.784314
height: 1.333333
height: 3.568628
height: 6.117647
height: 1.960784
height: 4.156863
height: 6.745098
height: 1.294118
height: 3.607843
height: 6.156863
height: 1.921569
height: 4.196078
height: 6.705883
height: 1.254902
height: 3.490196
height: 6.039216
height: 1.921569
height: 4.156863
height: 6.705883
height: 1.294118
height: 3.490196
height: 6.039216
height: 1.921569
height: 4.117647
height: 6.666667
height: 1.254902
height: 3.490196
height: 5.960785
height: 1.882353
height: 4.078431
height: 6.705883
height: 1.176471
height: 3.411765
height: 5.960785
height: 1.921569
height: 4.117647
height: 6.627451
height: 1.254902
height: 3.411765
height: 5.960785
height: 1.882353
height: 4.117647
height: 6.666667
height: 1.254902
height: 3.411765
height: 6
height: 1.803922
height: 4.039216
height: 6.588235
height: 1.176471
height: 3.372549
height: 5.960785
height: 1.803922
height: 4.078431
height: 6.588235
height: 1.176471
height: 3.411765
height: 5.921569
height: 1.764706
height: 3.960784
height: 6.509804
height: 1.098039
height: 3.372549
height: 5.921569
height: 1.764706
height: 3.960784
height: 6.509804
height: 1.098039
height: 3.372549
height: 5.843138
height: 1.764706
height: 3.960784
height: 6.509804
height: 1.137255
height: 3.294118
height: 5.882353
height: 1.72549
height: 3.921569
height: 6.54902
height: 1.098039
height: 3.294118
height: 5.843138
height: 1.72549
height: 3.921569
height: 6.431373
height: 1.058824
height: 3.294118
height: 5.764706
height: 1.764706
height: 3.921569
height: 6.509804
height: 1.058824
height: 3.254902
height: 5.803922
height: 1.647059
height: 3.921569
height: 6.509804
height: 0.980392
height: 3.254902
height: 5.843138
height: 1.647059
height: 3.921569
height: 6.431373
height: 0.980392
height: 3.254902
height: 5.764706
height: 1.607843
height: 3.843137
height: 6.352941
height: 0.980392
height: 3.176471
height: 5.72549
height: 1.607843
height: 3.803922
height: 6.392157
height: 0.941176
height: 3.137255
height: 5.72549
height: 1.607843
height: 3.803922
height: 6.392157
height: 0.901961
height: 3.137255
height: 5.72549
height: 1.647059
height: 3.803922
height: 6.392157
height: 0.941176
height: 3.098039
height: 5.607843
height: 1.529412
height: 3.764706
height: 6.392157
height: 0.862745
height: 3.098039
height: 5.647059
height: 1.490196
height: 3.764706
height: 6.352941
height: 0.901961
height: 3.098039
height: 5.647059
height: 1.490196
height: 3.72549
height: 6.27451
height: 0.823529
height: 3.098039
height: 5.607843
height: 1.45098
height: 3.72549
height: 6.27451
height: 0.823529
height: 3.098039
height: 5.568628
height: 1.45098
height: 3.72549
height: 6.235294
height: 0.823529
height: 3.058824
height: 5.568628
height: 1.411765
height: 3.647059
height: 6.196079
height: 0.784314
height: 3.019608
height: 5.568628
height: 1.372549
height: 3.647059
height: 6.196079
height: 0.745098
height: 3.058824
height: 5.490196
height: 1.372549
height: 3.607843
height: 6.196079
height: 0.745098
height: 3.058824
height: 5.490196
height: 1.45098
height: 3.607843
height: 6.196079
height: 0.745098
height: 2.941177
height: 5.490196
height: 1.372549
height: 3.568628
height: 6.196079
height: 0.745098
height: 2.941177
height: 5.490196
height: 1.372549
height: 3.568628
height: 6.078432
height: 0.705882
height: 2.941177
height: 5.450981
height: 1.333333
height: 3.568628
height: 6.117647
height: 0.666667
height: 2.901961
height: 5.450981
height: 1.294118
height: 3.490196
height: 6.039216
height: 0.627451
height: 2.901961
height: 5.411765
height: 1.254902
height: 3.490196
height: 6.039216
height: 0.627451
height: 7.882353
height: 5.411765
height: 1.294118
height: 3.45098
height: 6.078432
height: 0.588235
height: 7.843137
height: 5.411765
height: 1.254902
height: 3.45098
height: 6.039216
height: 0.588235
height: 7.843137
height: 5.450981
height: 1.254902
height: 3.45098
height: 6.039216
height: 0.588235
height: 7.843137
height: 5.372549
height: 1.176471
height: 3.411765
height: 5.921569
height: 0.509804
height: 7.843137
height: 5.372549
height: 1.176471
height: 3.372549
height: 5.960785
height: 0.509804
height: 7.843137
height: 10
height: 1.137255
height: 3.372549
height: 5.921569
height: 5.529412
height: 7.764706
height: 10
height: 1.176471
height: 3.45098
height: 5.921569
height: 5.450981
height: 7.72549
height: 10
height: 1.137255
height: 3.372549
height: 5.882353
height: 5.490196
height: 7.72549
height: 10
height: 1.058824
height: 3.294118
height: 5.843138
height: 5.411765
height: 7.686275
height: 10
height: 1.098039
height: 3.372549
height: 5.882353
height: 5.411765
height: 7.686275
height: 10
height: 1.058824
height: 3.372549
height: 5.843138
height: 5.450981
height: 7.72549
height: 10
height: 0.980392
height: 3.294118
height: 5.764706
height: 5.411765
height: 7.607843
height: 10
height: 0.941176
height: 3.294118
height: 5.764706
height: 5.372549
height: 7.647059
height: 10
height: 0.980392
height: 3.215686
height: 5.764706
height: 5.372549
height: 7.607843
height: 10
height: 0.980392
height: 3.098039
height: 5.764706
height: 5.294118
height: 7.607843
height: 10
height: 0.901961
height: 3.137255
height: 5.764706
height: 5.333334
height: 7.568628
height: 10
**ERROR**: Request for nonexistent InputMap action 'centerCamera'.
   At: core/input_map.cpp:195:event_get_action_status() - Condition "!E" is true. Returned: false
height: 1.019608
height: 3.176471
height: 5.72549
height: 5.294118
height: 7.568628
height: 10
**ERROR**: Request for nonexistent InputMap action 'centerCamera'.
   At: core/input_map.cpp:195:event_get_action_status() - Condition "!E" is true. Returned: false
height: 0.901961
height: 3.176471
height: 5.686275
height: 5.254902
height: 7.529412
height: 10
**ERROR**: Request for nonexistent InputMap action 'centerCamera'.
   At: core/input_map.cpp:195:event_get_action_status() - Condition "!E" is true. Returned: false
height: 0.901961
height: 3.098039
height: 5.647059
height: 5.294118
height: 7.490196
height: 10
**ERROR**: Request for nonexistent InputMap action 'centerCamera'.
   At: core/input_map.cpp:195:event_get_action_status() - Condition "!E" is true. Returned: false
height: 0.823529
height: 3.058824
height: 5.607843
height: 5.254902
height: 7.411765
height: 10
**ERROR**: Request for nonexistent InputMap action 'centerCamera'.
   At: core/input_map.cpp:195:event_get_action_status() - Condition "!E" is true. Returned: false
height: 0.862745
height: 3.098039
height: 5.607843
height: 5.294118
height: 7.411765
height: 10
**ERROR**: Request for nonexistent InputMap action 'centerCamera'.
   At: core/input_map.cpp:195:event_get_action_status() - Condition "!E" is true. Returned: false
height: 0.823529
height: 3.058824
height: 5.607843
height: 5.294118
height: 7.411765
height: 9.960784
**ERROR**: Request for nonexistent InputMap action 'centerCamera'.
   At: core/input_map.cpp:195:event_get_action_status() - Condition "!E" is true. Returned: false
height: 0.823529
height: 3.058824
height: 5.607843
height: 5.137255
height: 7.411765
height: 9.921569
**ERROR**: Request for nonexistent InputMap action 'centerCamera'.
   At: core/input_map.cpp:195:event_get_action_status() - Condition "!E" is true. Returned: false
height: 0.745098
height: 3.058824
height: 5.568628
height: 5.137255
height: 7.411765
height: 9.960784
**ERROR**: Request for nonexistent InputMap action 'centerCamera'.
   At: core/input_map.cpp:195:event_get_action_status() - Condition "!E" is true. Returned: false
height: 0.784314
height: 3.058824
height: 5.568628
height: 5.09804
height: 7.372549
height: 9.921569
**ERROR**: Request for nonexistent InputMap action 'centerCamera'.
   At: core/input_map.cpp:195:event_get_action_status() - Condition "!E" is true. Returned: false
height: 0.705882
height: 2.941177
height: 5.568628
height: 5.137255
height: 7.372549
height: 9.882353
**ERROR**: Request for nonexistent InputMap action 'centerCamera'.
   At: core/input_map.cpp:195:event_get_action_status() - Condition "!E" is true. Returned: false
height: 0.745098
height: 2.980392
height: 5.490196
height: 5.09804
height: 7.294118
height: 9.843137
**ERROR**: Request for nonexistent InputMap action 'centerCamera'.
   At: core/input_map.cpp:195:event_get_action_status() - Condition "!E" is true. Returned: false
height: 0.745098
height: 2.941177
height: 5.568628
height: 5.09804
height: 7.294118
height: 9.882353
height: 0.588235
height: 2.980392
height: 5.490196
height: 5.09804
height: 7.294118
height: 9.764706
height: 0.745098
height: 2.941177
height: 5.411765
height: 5.058824
height: 7.254902
height: 9.843137
height: 0.666667
height: 2.82353
height: 5.411765
height: 5.058824
height: 7.254902
height: 9.843137
height: 0.627451
height: 7.882353
height: 5.372549
height: 5.058824
height: 7.215686
height: 9.764706
height: 0.627451
height: 7.882353
height: 5.372549
height: 4.980392
height: 7.254902
height: 9.764706
height: 0.588235
height: 7.882353
height: 5.372549
height: 4.941176
height: 7.254902
height: 9.72549
height: 0.588235
height: 7.882353
height: 5.372549
height: 4.901961
height: 7.176471
height: 9.764706
**ERROR**: Request for nonexistent InputMap action 'centerCamera'.
   At: core/input_map.cpp:195:event_get_action_status() - Condition "!E" is true. Returned: false
height: 0.588235
height: 7.764706
height: 5.294118
height: 4.901961
height: 7.098039
height: 9.686275
**ERROR**: Request for nonexistent InputMap action 'centerCamera'.
   At: core/input_map.cpp:195:event_get_action_status() - Condition "!E" is true. Returned: false
height: 0.509804
height: 7.843137
height: 10
height: 4.901961
height: 7.098039
height: 9.686275
**ERROR**: Request for nonexistent InputMap action 'centerCamera'.
   At: core/input_map.cpp:195:event_get_action_status() - Condition "!E" is true. Returned: false
height: 0.470588
height: 7.764706
height: 10
height: 4.823529
height: 7.098039
height: 9.607843
**ERROR**: Request for nonexistent InputMap action 'centerCamera'.
   At: core/input_map.cpp:195:event_get_action_status() - Condition "!E" is true. Returned: false
height: 5.529412
height: 7.764706
height: 10
height: 4.823529
height: 7.098039
height: 9.607843
**ERROR**: Request for nonexistent InputMap action 'centerCamera'.
   At: core/input_map.cpp:195:event_get_action_status() - Condition "!E" is true. Returned: false
height: 5.450981
height: 7.72549
height: 10
height: 4.823529
height: 7.098039
height: 9.607843
**ERROR**: Request for nonexistent InputMap action 'centerCamera'.
   At: core/input_map.cpp:195:event_get_action_status() - Condition "!E" is true. Returned: false
height: 5.490196
height: 7.686275
height: 10
height: 4.784314
height: 7.058824
height: 9.607843
height: 5.450981
height: 7.72549
height: 10
height: 4.784314
height: 7.137255
height: 9.607843
height: 5.411765
height: 7.647059
height: 10
height: 4.745098
height: 7.058824
height: 9.607843
height: 5.411765
height: 7.607843
height: 10
height: 4.745098
height: 7.019608
height: 9.568627
height: 5.411765
height: 7.647059
height: 10
height: 4.705882
height: 6.941177
height: 9.490196
height: 5.372549
height: 7.607843
height: 10
height: 4.784314
height: 6.941177
height: 9.529412
height: 5.294118
height: 7.568628
height: 10
height: 4.666667
height: 6.941177
height: 9.490196
height: 5.294118
height: 7.529412
height: 10
height: 4.705882
height: 6.901961
height: 9.411765
height: 5.372549
height: 7.490196
height: 10
height: 4.627451
height: 6.901961
height: 9.411765
height: 5.294118
height: 7.568628
height: 10
height: 4.627451
height: 6.862745
height: 9.372549
height: 5.294118
height: 7.529412
height: 10
height: 4.705882
height: 6.901961
height: 9.411765
**ERROR**: Request for nonexistent InputMap action 'centerCamera'.
   At: core/input_map.cpp:195:event_get_action_status() - Condition "!E" is true. Returned: false
height: 5.254902
height: 7.529412
height: 10
height: 4.588235
height: 6.862745
height: 9.372549
**ERROR**: Request for nonexistent InputMap action 'centerCamera'.
   At: core/input_map.cpp:195:event_get_action_status() - Condition "!E" is true. Returned: false
height: 5.254902
height: 7.490196
height: 9.960784
height: 4.54902
height: 6.862745
height: 9.372549
**ERROR**: Request for nonexistent InputMap action 'centerCamera'.
   At: core/input_map.cpp:195:event_get_action_status() - Condition "!E" is true. Returned: false
height: 5.254902
height: 7.411765
height: 10
height: 4.588235
height: 6.784314
height: 9.294118
**ERROR**: Request for nonexistent InputMap action 'centerCamera'.
   At: core/input_map.cpp:195:event_get_action_status() - Condition "!E" is true. Returned: false
height: 5.215687
height: 7.372549
height: 9.960784
height: 4.627451
height: 6.82353
height: 9.333333
**ERROR**: Request for nonexistent InputMap action 'centerCamera'.
   At: core/input_map.cpp:195:event_get_action_status() - Condition "!E" is true. Returned: false
height: 5.215687
height: 7.411765
height: 9.960784
height: 4.627451
height: 6.745098
height: 9.254902
**ERROR**: Request for nonexistent InputMap action 'centerCamera'.
   At: core/input_map.cpp:195:event_get_action_status() - Condition "!E" is true. Returned: false
height: 5.137255
height: 7.372549
height: 9.921569
height: 4.470588
height: 6.745098
height: 9.294118
**ERROR**: Request for nonexistent InputMap action 'centerCamera'.
   At: core/input_map.cpp:195:event_get_action_status() - Condition "!E" is true. Returned: false
height: 5.137255
height: 7.372549
height: 9.921569
height: 4.470588
height: 6.705883
height: 9.254902
**ERROR**: Request for nonexistent InputMap action 'centerCamera'.
   At: core/input_map.cpp:195:event_get_action_status() - Condition "!E" is true. Returned: false
height: 5.09804
height: 7.372549
height: 9.882353
height: 4.431373
height: 6.705883
height: 9.215686
**ERROR**: Request for nonexistent InputMap action 'centerCamera'.
   At: core/input_map.cpp:195:event_get_action_status() - Condition "!E" is true. Returned: false
height: 5.09804
height: 7.294118
height: 9.960784
height: 4.431373
height: 6.588235
height: 9.215686
**ERROR**: Request for nonexistent InputMap action 'centerCamera'.
   At: core/input_map.cpp:195:event_get_action_status() - Condition "!E" is true. Returned: false
height: 5.09804
height: 7.294118
height: 9.843137
height: 4.431373
height: 6.627451
height: 9.215686
**ERROR**: Request for nonexistent InputMap action 'centerCamera'.
   At: core/input_map.cpp:195:event_get_action_status() - Condition "!E" is true. Returned: false
height: 5.019608
height: 7.294118
height: 9.764706
height: 4.392157
height: 6.627451
height: 9.176471
**ERROR**: Request for nonexistent InputMap action 'centerCamera'.
   At: core/input_map.cpp:195:event_get_action_status() - Condition "!E" is true. Returned: false
height: 5.019608
height: 7.254902
height: 9.843137
height: 4.392157
height: 6.588235
height: 9.176471
**ERROR**: Request for nonexistent InputMap action 'centerCamera'.
   At: core/input_map.cpp:195:event_get_action_status() - Condition "!E" is true. Returned: false
height: 5.019608
height: 7.294118
height: 9.843137
height: 4.392157
height: 6.54902
height: 9.098039
**ERROR**: Request for nonexistent InputMap action 'centerCamera'.
   At: core/input_map.cpp:195:event_get_action_status() - Condition "!E" is true. Returned: false
height: 5.058824
height: 7.254902
height: 9.764706
height: 4.392157
height: 6.588235
height: 9.176471
**ERROR**: Request for nonexistent InputMap action 'centerCamera'.
   At: core/input_map.cpp:195:event_get_action_status() - Condition "!E" is true. Returned: false
height: 5.058824
height: 7.215686
height: 9.764706
height: 4.313726
height: 6.588235
height: 9.176471
**ERROR**: Request for nonexistent InputMap action 'centerCamera'.
   At: core/input_map.cpp:195:event_get_action_status() - Condition "!E" is true. Returned: false
height: 4.941176
height: 7.215686
height: 9.764706
height: 4.313726
height: 6.627451
height: 9.058824
**ERROR**: Request for nonexistent InputMap action 'centerCamera'.
   At: core/input_map.cpp:195:event_get_action_status() - Condition "!E" is true. Returned: false
height: 4.941176
height: 7.176471
height: 9.686275
height: 4.27451
height: 6.509804
height: 8.980392
**ERROR**: Request for nonexistent InputMap action 'centerCamera'.
   At: core/input_map.cpp:195:event_get_action_status() - Condition "!E" is true. Returned: false
height: 4.901961
height: 7.098039
height: 9.686275
height: 4.156863
height: 6.509804
height: 9.019608
**ERROR**: Request for nonexistent InputMap action 'centerCamera'.
   At: core/input_map.cpp:195:event_get_action_status() - Condition "!E" is true. Returned: false
height: 4.901961
height: 7.098039
height: 9.686275
height: 4.196078
height: 6.509804
height: 9.019608
**ERROR**: Request for nonexistent InputMap action 'centerCamera'.
   At: core/input_map.cpp:195:event_get_action_status() - Condition "!E" is true. Returned: false
height: 4.901961
height: 7.058824
height: 9.607843
height: 4.235294
height: 6.431373
height: 9.019608
**ERROR**: Request for nonexistent InputMap action 'centerCamera'.
   At: core/input_map.cpp:195:event_get_action_status() - Condition "!E" is true. Returned: false
height: 4.901961
height: 7.098039
height: 9.686275
height: 4.156863
height: 6.392157
height: 8.941177
**ERROR**: Request for nonexistent InputMap action 'centerCamera'.
   At: core/input_map.cpp:195:event_get_action_status() - Condition "!E" is true. Returned: false
height: 4.901961
height: 7.058824
height: 9.607843
height: 4.156863
height: 6.392157
height: 9.019608
**ERROR**: Request for nonexistent InputMap action 'centerCamera'.
   At: core/input_map.cpp:195:event_get_action_status() - Condition "!E" is true. Returned: false
height: 4.823529
height: 7.058824
height: 9.607843
height: 4.156863
height: 6.392157
height: 8.941177
**ERROR**: Request for nonexistent InputMap action 'centerCamera'.
   At: core/input_map.cpp:195:event_get_action_status() - Condition "!E" is true. Returned: false
height: 4.823529
height: 7.058824
height: 9.529412
height: 4.117647
height: 6.352941
height: 8.862745
**ERROR**: Request for nonexistent InputMap action 'centerCamera'.
   At: core/input_map.cpp:195:event_get_action_status() - Condition "!E" is true. Returned: false
height: 4.784314
height: 6.980392
height: 9.568627
height: 4.156863
height: 6.352941
height: 8.941177
**ERROR**: Request for nonexistent InputMap action 'centerCamera'.
   At: core/input_map.cpp:195:event_get_action_status() - Condition "!E" is true. Returned: false
height: 4.745098
height: 6.980392
height: 9.529412
height: 4.117647
height: 6.352941
height: 8.862745
**ERROR**: Request for nonexistent InputMap action 'centerCamera'.
   At: core/input_map.cpp:195:event_get_action_status() - Condition "!E" is true. Returned: false
height: 4.745098
height: 6.941177
height: 9.490196
height: 4.078431
height: 6.352941
height: 8.862745
**ERROR**: Request for nonexistent InputMap action 'centerCamera'.
   At: core/input_map.cpp:195:event_get_action_status() - Condition "!E" is true. Returned: false
height: 4.705882
height: 6.941177
height: 9.490196
height: 4.078431
height: 6.27451
height: 8.823529
**ERROR**: Request for nonexistent InputMap action 'centerCamera'.
   At: core/input_map.cpp:195:event_get_action_status() - Condition "!E" is true. Returned: false
height: 4.627451
height: 6.901961
height: 9.490196
height: 4.039216
height: 6.27451
height: 8.745098
**ERROR**: Request for nonexistent InputMap action 'centerCamera'.
   At: core/input_map.cpp:195:event_get_action_status() - Condition "!E" is true. Returned: false
height: 4.627451
height: 6.901961
height: 9.490196
height: 3.960784
height: 6.235294
height: 8.784314
**ERROR**: Request for nonexistent InputMap action 'centerCamera'.
   At: core/input_map.cpp:195:event_get_action_status() - Condition "!E" is true. Returned: false
height: 4.627451
height: 6.901961
height: 9.411765
height: 3.921569
height: 6.196079
height: 8.745098
**ERROR**: Request for nonexistent InputMap action 'centerCamera'.
   At: core/input_map.cpp:195:event_get_action_status() - Condition "!E" is true. Returned: false
height: 4.627451
height: 6.862745
height: 9.411765
height: 3.960784
height: 6.235294
height: 8.745098
**ERROR**: Request for nonexistent InputMap action 'centerCamera'.
   At: core/input_map.cpp:195:event_get_action_status() - Condition "!E" is true. Returned: false
height: 4.627451
height: 6.862745
height: 9.372549
height: 3.960784
height: 6.196079
height: 8.784314
**ERROR**: Request for nonexistent InputMap action 'centerCamera'.
   At: core/input_map.cpp:195:event_get_action_status() - Condition "!E" is true. Returned: false
height: 4.588235
height: 6.862745
height: 9.411765
height: 3.921569
height: 6.235294
height: 8.705882
**ERROR**: Request for nonexistent InputMap action 'centerCamera'.
   At: core/input_map.cpp:195:event_get_action_status() - Condition "!E" is true. Returned: false
height: 4.588235
height: 6.745098
height: 9.372549
height: 3.921569
height: 6.078432
height: 8.705882
**ERROR**: Request for nonexistent InputMap action 'centerCamera'.
   At: core/input_map.cpp:195:event_get_action_status() - Condition "!E" is true. Returned: false
height: 4.588235
height: 6.784314
height: 9.294118
height: 3.882353
height: 6.117647
height: 8.705882
**ERROR**: Request for nonexistent InputMap action 'centerCamera'.
   At: core/input_map.cpp:195:event_get_action_status() - Condition "!E" is true. Returned: false
height: 4.470588
height: 6.82353
height: 9.333333
height: 3.843137
height: 6.078432
height: 8.705882
**ERROR**: Request for nonexistent InputMap action 'centerCamera'.
   At: core/input_map.cpp:195:event_get_action_status() - Condition "!E" is true. Returned: false
height: 4.470588
height: 6.745098
height: 9.294118
height: 3.803922
height: 6.078432
height: 8.588235
**ERROR**: Request for nonexistent InputMap action 'centerCamera'.
   At: core/input_map.cpp:195:event_get_action_status() - Condition "!E" is true. Returned: false
height: 4.470588
height: 6.705883
height: 9.254902
height: 3.803922
height: 6.039216
height: 8.627451
**ERROR**: Request for nonexistent InputMap action 'centerCamera'.
   At: core/input_map.cpp:195:event_get_action_status() - Condition "!E" is true. Returned: false
height: 4.470588
height: 6.705883
height: 9.215686
height: 3.882353
height: 6.039216
height: 8.588235
height: 4.431373
height: 6.627451
height: 9.254902
height: 3.803922
height: 6.078432
height: 8.54902
height: 4.431373
height: 6.627451
height: 9.254902
height: 3.764706
height: 6.039216
height: 8.54902
height: 4.392157
height: 6.627451
height: 9.215686
height: 3.803922
height: 6
height: 8.509804
height: 4.392157
height: 6.627451
height: 9.176471
height: 3.647059
height: 5.960785
height: 8.509804
height: 4.352941
height: 6.54902
height: 9.176471
height: 3.72549
height: 5.960785
height: 8.509804
height: 4.352941
height: 6.627451
height: 9.176471
height: 3.686275
height: 5.960785
height: 8.509804
height: 4.313726
height: 6.588235
height: 9.098039
height: 3.647059
height: 5.921569
height: 8.509804
height: 4.352941
height: 6.588235
height: 9.098039
height: 3.72549
height: 5.921569
height: 8.392157
height: 4.352941
height: 6.588235
height: 9.019608
height: 3.647059
height: 5.882353
height: 8.392157
height: 4.235294
height: 6.431373
height: 9.058824
height: 3.568628
height: 5.882353
height: 8.352941
height: 4.27451
height: 6.509804
height: 9.058824
height: 3.607843
height: 5.764706
height: 8.352941
height: 4.156863
height: 6.431373
height: 9.019608
height: 3.647059
height: 5.803922
height: 8.352941
height: 4.235294
height: 6.431373
height: 8.941177
height: 3.568628
height: 5.843138
height: 8.235294
height: 4.156863
height: 6.431373
height: 8.941177
height: 3.568628
height: 5.803922
height: 8.27451
height: 4.156863
height: 6.352941
height: 8.941177
height: 3.490196
height: 5.72549
height: 8.27451
height: 4.156863
height: 6.392157
height: 8.941177
height: 3.490196
height: 5.72549
height: 8.27451
height: 4.117647
height: 6.392157
height: 8.862745
height: 3.490196
height: 5.72549
height: 8.235294
height: 4.117647
height: 6.352941
height: 8.901961
height: 3.490196
height: 5.72549
height: 8.235294
height: 4.078431
height: 6.352941
height: 8.862745
height: 3.411765
height: 5.607843
height: 8.235294
height: 4.078431
height: 6.27451
height: 8.823529
height: 3.411765
height: 5.607843
height: 8.196079
height: 4.039216
height: 6.27451
height: 8.745098
height: 3.411765
height: 5.568628
height: 8.156863
height: 4
height: 6.27451
height: 8.745098
height: 3.411765
height: 5.647059
height: 8.156863
height: 3.960784
height: 6.27451
height: 8.823529
height: 3.372549
height: 5.607843
height: 8.117647
height: 3.960784
height: 6.235294
height: 8.784314
height: 3.372549
height: 5.568628
height: 8.078431
height: 3.960784
height: 6.196079
height: 8.745098
height: 3.333333
height: 5.568628
height: 8.078431
height: 3.960784
height: 6.196079
height: 8.705882
height: 3.294118
height: 5.568628
height: 8.078431
height: 3.921569
height: 6.156863
height: 8.705882
height: 3.294118
height: 5.490196
height: 8.078431
height: 3.843137
height: 6.156863
height: 8.745098
height: 3.254902
height: 5.529412
height: 8.039216
height: 3.921569
height: 6.078432
height: 8.705882
height: 3.254902
height: 5.490196
height: 8.039216
height: 3.921569
height: 6.078432
height: 8.627451
height: 3.215686
height: 5.450981
height: 7.960784
height: 3.803922
height: 6.117647
height: 8.627451
height: 3.137255
height: 5.450981
height: 7.960784
height: 3.843137
height: 6.078432
height: 8.588235
height: 3.176471
height: 5.450981
height: 7.960784
height: 3.803922
height: 6.039216
height: 8.627451
height: 3.098039
height: 5.411765
height: 7.960784
height: 3.764706
height: 6.039216
height: 8.54902
height: 3.098039
height: 5.372549
height: 7.882353
height: 3.764706
height: 6.039216
height: 8.54902
height: 3.176471
height: 5.372549
height: 7.921569
height: 3.764706
height: 6
height: 8.54902
height: 3.098039
height: 5.294118
height: 7.843137
height: 3.764706
height: 5.960785
height: 8.509804
height: 3.098039
height: 5.294118
height: 7.843137
height: 3.72549
height: 5.960785
height: 8.509804
height: 3.098039
height: 5.294118
height: 7.843137
height: 3.647059
height: 5.882353
height: 8.431373
height: 3.019608
height: 5.294118
height: 7.843137
height: 3.686275
height: 5.882353
height: 8.431373
height: 3.058824
height: 5.254902
height: 7.843137
height: 3.607843
height: 5.882353
height: 8.431373
height: 3.019608
height: 5.254902
height: 7.764706
height: 3.607843
height: 5.843138
height: 8.431373
height: 2.980392
height: 5.215687
height: 7.764706
height: 3.568628
height: 5.843138
height: 8.352941
height: 2.941177
height: 5.294118
height: 7.72549
height: 3.568628
height: 5.843138
height: 8.352941
height: 2.941177
height: 5.137255
height: 7.686275
height: 3.607843
height: 5.843138
height: 8.352941
height: 2.901961
height: 5.09804
height: 7.686275
height: 3.607843
height: 5.764706
height: 8.27451
height: 2.901961
height: 5.09804
height: 7.647059
height: 3.490196
height: 5.764706
height: 8.27451
height: 2.82353
height: 5.09804
height: 7.607843
height: 3.490196
height: 5.72549
height: 8.27451
height: 2.82353
height: 5.09804
height: 7.647059
height: 3.490196
height: 5.72549
height: 8.27451
height: 2.82353
height: 5.058824
height: 7.568628
height: 3.45098
height: 5.686275
height: 8.196079
height: 2.784314
height: 5.058824
height: 7.607843
height: 3.411765
height: 5.686275
height: 8.235294
height: 2.784314
height: 5.09804
height: 7.607843
height: 3.411765
height: 5.686275
height: 8.235294
height: 2.784314
height: 4.980392
height: 7.607843
height: 3.372549
height: 5.647059
height: 8.196079
height: 2.745098
height: 4.941176
height: 7.529412
